This file contains any messages produced by compilers while
running configure, to aid debugging if configure makes a mistake.

It was created by fftw configure 3.3.3, which was
generated by GNU Autoconf 2.69.  Invocation command line was

  $ ./configure 

## --------- ##
## Platform. ##
## --------- ##

hostname = rlandsman-macbookpro13
uname -m = x86_64
uname -r = 13.0.0
uname -s = Darwin
uname -v = Darwin Kernel Version 13.0.0: Thu Sep 19 22:22:27 PDT 2013; root:xnu-2422.1.72~6/RELEASE_X86_64

/usr/bin/uname -p = i386
/bin/uname -X     = unknown

/bin/arch              = unknown
/usr/bin/arch -k       = unknown
/usr/convex/getsysinfo = unknown
/usr/bin/hostinfo      = Mach kernel version:
	 Darwin Kernel Version 13.0.0: Thu Sep 19 22:22:27 PDT 2013; root:xnu-2422.1.72~6/RELEASE_X86_64
Kernel configured for up to 4 processors.
2 processors are physically available.
4 processors are logically available.
Processor type: i486 (Intel 80486)
Processors active: 0 1 2 3
Primary memory available: 8.00 gigabytes
Default processor set: 212 tasks, 1436 threads, 4 processors
Load average: 1.27, Mach factor: 2.72
/bin/machine           = unknown
/usr/bin/oslevel       = unknown
/bin/universe          = unknown

PATH: /opt/local/bin
PATH: /opt/local/sbin
PATH: /Users/rlandsman/bin/Sencha/Cmd/3.0.0.250
PATH: /Users/rlandsman/.rvm/gems/ruby-2.0.0-p247/bin
PATH: /Users/rlandsman/.rvm/gems/ruby-2.0.0-p247@global/bin
PATH: /Users/rlandsman/.rvm/rubies/ruby-2.0.0-p247/bin
PATH: /Users/rlandsman/.rvm/bin
PATH: /Users/rlandsman/Qt/5.1.0/clang_64/bin
PATH: /Library/Frameworks/Python.framework/Versions/2.7/bin
PATH: /usr/bin
PATH: /bin
PATH: /usr/sbin
PATH: /sbin
PATH: /usr/local/bin
PATH: /opt/X11/bin
PATH: /usr/local/git/bin
PATH: /opt/subgit/bin


## ----------- ##
## Core tests. ##
## ----------- ##

configure:2742: checking for a BSD-compatible install
configure:2810: result: /usr/bin/install -c
configure:2821: checking whether build environment is sane
configure:2871: result: yes
configure:3012: checking for a thread-safe mkdir -p
configure:3051: result: ./install-sh -c -d
configure:3064: checking for gawk
configure:3094: result: no
configure:3064: checking for mawk
configure:3094: result: no
configure:3064: checking for nawk
configure:3094: result: no
configure:3064: checking for awk
configure:3080: found /usr/bin/awk
configure:3091: result: awk
configure:3102: checking whether make sets $(MAKE)
configure:3124: result: yes
configure:3208: checking whether to enable maintainer-specific portions of Makefiles
configure:3217: result: no
configure:3265: checking build system type
configure:3279: result: x86_64-apple-darwin13.0.0
configure:3299: checking host system type
configure:3312: result: x86_64-apple-darwin13.0.0
configure:3750: checking for gcc
configure:3766: found /usr/bin/gcc
configure:3777: result: gcc
configure:4006: checking for C compiler version
configure:4015: gcc --version >&5
Apple LLVM version 5.0 (clang-500.2.79) (based on LLVM 3.3svn)
Target: x86_64-apple-darwin13.0.0
Thread model: posix
Configured with: --prefix=/Applications/Xcode.app/Contents/Developer/usr --with-gxx-include-dir=/usr/include/c++/4.2.1
configure:4026: $? = 0
configure:4015: gcc -v >&5
Configured with: --prefix=/Applications/Xcode.app/Contents/Developer/usr --with-gxx-include-dir=/usr/include/c++/4.2.1
Apple LLVM version 5.0 (clang-500.2.79) (based on LLVM 3.3svn)
Target: x86_64-apple-darwin13.0.0
Thread model: posix
configure:4026: $? = 0
configure:4015: gcc -V >&5
clang: error: argument to '-V' is missing (expected 1 value)
clang: error: no input files
configure:4026: $? = 1
configure:4015: gcc -qversion >&5
clang: error: no input files
configure:4026: $? = 1
configure:4046: checking whether the C compiler works
configure:4068: gcc    conftest.c  >&5
configure:4072: $? = 0
configure:4120: result: yes
configure:4123: checking for C compiler default output file name
configure:4125: result: a.out
configure:4131: checking for suffix of executables
configure:4138: gcc -o conftest    conftest.c  >&5
configure:4142: $? = 0
configure:4164: result: 
configure:4186: checking whether we are cross compiling
configure:4194: gcc -o conftest    conftest.c  >&5
configure:4198: $? = 0
configure:4205: ./conftest
configure:4209: $? = 0
configure:4224: result: no
configure:4229: checking for suffix of object files
configure:4251: gcc -c   conftest.c >&5
configure:4255: $? = 0
configure:4276: result: o
configure:4280: checking whether we are using the GNU C compiler
configure:4299: gcc -c   conftest.c >&5
configure:4299: $? = 0
configure:4308: result: yes
configure:4317: checking whether gcc accepts -g
configure:4337: gcc -c -g  conftest.c >&5
configure:4337: $? = 0
configure:4378: result: yes
configure:4395: checking for gcc option to accept ISO C89
configure:4458: gcc  -c -g -O2  conftest.c >&5
configure:4458: $? = 0
configure:4471: result: none needed
configure:4502: checking for style of include used by make
configure:4530: result: GNU
configure:4556: checking dependency style of gcc
configure:4667: result: gcc3
configure:4683: checking whether gcc and cc understand -c and -o together
configure:4714: gcc -c conftest.c -o conftest2.o >&5
configure:4718: $? = 0
configure:4724: gcc -c conftest.c -o conftest2.o >&5
configure:4728: $? = 0
configure:4739: cc -c conftest.c >&5
configure:4743: $? = 0
configure:4751: cc -c conftest.c -o conftest2.o >&5
configure:4755: $? = 0
configure:4761: cc -c conftest.c -o conftest2.o >&5
configure:4765: $? = 0
configure:4783: result: yes
configure:4810: checking for C compiler vendor
configure:4834: gcc -c -g -O2  conftest.c >&5
conftest.c:18:7: error: use of undeclared identifier 'thisisanerror'
      thisisanerror;
      ^
1 error generated.
configure:4834: $? = 1
configure: failed program was:
| /* confdefs.h */
| #define PACKAGE_NAME "fftw"
| #define PACKAGE_TARNAME "fftw"
| #define PACKAGE_VERSION "3.3.3"
| #define PACKAGE_STRING "fftw 3.3.3"
| #define PACKAGE_BUGREPORT "fftw@fftw.org"
| #define PACKAGE_URL ""
| #define PACKAGE "fftw"
| #define VERSION "3.3.3"
| #define FFTW_ENABLE_ALLOCA 1
| /* end confdefs.h.  */
| 
| int
| main ()
| {
| 
| #if !(defined(__ICC) || defined(__ECC) || defined(__INTEL_COMPILER))
|       thisisanerror;
| #endif
| 
|   ;
|   return 0;
| }
configure:4834: gcc -c -g -O2  conftest.c >&5
conftest.c:18:7: error: use of undeclared identifier 'thisisanerror'
      thisisanerror;
      ^
1 error generated.
configure:4834: $? = 1
configure: failed program was:
| /* confdefs.h */
| #define PACKAGE_NAME "fftw"
| #define PACKAGE_TARNAME "fftw"
| #define PACKAGE_VERSION "3.3.3"
| #define PACKAGE_STRING "fftw 3.3.3"
| #define PACKAGE_BUGREPORT "fftw@fftw.org"
| #define PACKAGE_URL ""
| #define PACKAGE "fftw"
| #define VERSION "3.3.3"
| #define FFTW_ENABLE_ALLOCA 1
| /* end confdefs.h.  */
| 
| int
| main ()
| {
| 
| #if !(defined(__xlc__) || defined(__xlC__) || defined(__IBMC__) || defined(__IBMCPP__))
|       thisisanerror;
| #endif
| 
|   ;
|   return 0;
| }
configure:4834: gcc -c -g -O2  conftest.c >&5
conftest.c:18:7: error: use of undeclared identifier 'thisisanerror'
      thisisanerror;
      ^
1 error generated.
configure:4834: $? = 1
configure: failed program was:
| /* confdefs.h */
| #define PACKAGE_NAME "fftw"
| #define PACKAGE_TARNAME "fftw"
| #define PACKAGE_VERSION "3.3.3"
| #define PACKAGE_STRING "fftw 3.3.3"
| #define PACKAGE_BUGREPORT "fftw@fftw.org"
| #define PACKAGE_URL ""
| #define PACKAGE "fftw"
| #define VERSION "3.3.3"
| #define FFTW_ENABLE_ALLOCA 1
| /* end confdefs.h.  */
| 
| int
| main ()
| {
| 
| #if !(defined(__PATHCC__) || defined(__PATHSCALE__))
|       thisisanerror;
| #endif
| 
|   ;
|   return 0;
| }
configure:4834: gcc -c -g -O2  conftest.c >&5
configure:4834: $? = 0
configure:4841: result: gnu
configure:4848: checking for gcc option to accept ISO C99
configure:4997: gcc  -c -g -O2  conftest.c >&5
configure:4997: $? = 0
configure:5010: result: none needed
configure:5118: checking for gcc option to accept ISO Standard C
configure:5129: result: none needed
configure:5137: checking whether ln -s works
configure:5141: result: yes
configure:5148: checking whether make sets $(MAKE)
configure:5170: result: yes
configure:5528: checking how to print strings
configure:5555: result: printf
configure:5576: checking for a sed that does not truncate output
configure:5640: result: /usr/bin/sed
configure:5658: checking for grep that handles long lines and -e
configure:5716: result: /usr/bin/grep
configure:5721: checking for egrep
configure:5783: result: /usr/bin/grep -E
configure:5788: checking for fgrep
configure:5850: result: /usr/bin/grep -F
configure:5885: checking for ld used by gcc
configure:5952: result: /Applications/Xcode.app/Contents/Developer/Toolchains/XcodeDefault.xctoolchain/usr/bin/ld
configure:5959: checking if the linker (/Applications/Xcode.app/Contents/Developer/Toolchains/XcodeDefault.xctoolchain/usr/bin/ld) is GNU ld
configure:5974: result: no
configure:5986: checking for BSD- or MS-compatible name lister (nm)
configure:6035: result: /usr/bin/nm
configure:6165: checking the name lister (/usr/bin/nm) interface
configure:6172: gcc -c -g -O2  conftest.c >&5
configure:6175: /usr/bin/nm "conftest.o"
configure:6178: output
000000000000021c S _some_variable
configure:6185: result: BSD nm
configure:6189: checking the maximum length of command line arguments
configure:6319: result: 196608
configure:6336: checking whether the shell understands some XSI constructs
configure:6346: result: yes
configure:6350: checking whether the shell understands "+="
configure:6356: result: yes
configure:6391: checking how to convert x86_64-apple-darwin13.0.0 file names to x86_64-apple-darwin13.0.0 format
configure:6431: result: func_convert_file_noop
configure:6438: checking how to convert x86_64-apple-darwin13.0.0 file names to toolchain format
configure:6458: result: func_convert_file_noop
configure:6465: checking for /Applications/Xcode.app/Contents/Developer/Toolchains/XcodeDefault.xctoolchain/usr/bin/ld option to reload object files
configure:6472: result: -r
configure:6546: checking for objdump
configure:6573: result: objdump
configure:6602: checking how to recognize dependent libraries
configure:6800: result: pass_all
configure:6885: checking for dlltool
configure:6912: result: dlltool
configure:6942: checking how to associate runtime and link libraries
configure:6969: result: printf %s\n
configure:7029: checking for ar
configure:7045: found /usr/bin/ar
configure:7056: result: ar
configure:7093: checking for archiver @FILE support
configure:7110: gcc -c -g -O2  conftest.c >&5
configure:7110: $? = 0
configure:7113: ar cru libconftest.a @conftest.lst >&5
ar: @conftest.lst: No such file or directory
configure:7116: $? = 1
configure:7136: result: no
configure:7194: checking for strip
configure:7210: found /usr/bin/strip
configure:7221: result: strip
configure:7293: checking for ranlib
configure:7309: found /usr/bin/ranlib
configure:7320: result: ranlib
configure:7422: checking command to parse /usr/bin/nm output from gcc object
configure:7542: gcc -c -g -O2  conftest.c >&5
configure:7545: $? = 0
configure:7549: /usr/bin/nm conftest.o \| sed -n -e 's/^.*[ ]\([BCDEGRST][BCDEGRST]*\)[ ][ ]*\([_A-Za-z][_A-Za-z0-9]*\)$/\1 \2 \2/p' | sed '/ __gnu_lto/d' \> conftest.nm
configure:7552: $? = 0
cannot find nm_test_var in conftest.nm
configure:7542: gcc -c -g -O2  conftest.c >&5
configure:7545: $? = 0
configure:7549: /usr/bin/nm conftest.o \| sed -n -e 's/^.*[ ]\([BCDEGRST][BCDEGRST]*\)[ ][ ]*_\([_A-Za-z][_A-Za-z0-9]*\)$/\1 _\2 \2/p' | sed '/ __gnu_lto/d' \> conftest.nm
configure:7552: $? = 0
configure:7618: gcc -o conftest -g -O2   conftest.c conftstm.o >&5
configure:7621: $? = 0
configure:7659: result: ok
configure:7696: checking for sysroot
configure:7726: result: no
configure:7982: checking for mt
configure:8012: result: no
configure:8032: checking if : is a manifest tool
configure:8038: : '-?'
configure:8046: result: no
configure:8102: checking for dsymutil
configure:8118: found /usr/bin/dsymutil
configure:8129: result: dsymutil
configure:8194: checking for nmedit
configure:8210: found /usr/bin/nmedit
configure:8221: result: nmedit
configure:8286: checking for lipo
configure:8302: found /usr/bin/lipo
configure:8313: result: lipo
configure:8378: checking for otool
configure:8394: found /usr/bin/otool
configure:8405: result: otool
configure:8470: checking for otool64
configure:8500: result: no
configure:8545: checking for -single_module linker flag
gcc -g -O2  -o libconftest.dylib -dynamiclib -Wl,-single_module conftest.c
configure:8578: result: yes
configure:8581: checking for -exported_symbols_list linker flag
configure:8601: gcc -o conftest -g -O2   -Wl,-exported_symbols_list,conftest.sym conftest.c  >&5
configure:8601: $? = 0
configure:8611: result: yes
configure:8614: checking for -force_load linker flag
gcc -g -O2 -c -o conftest.o conftest.c
ar cru libconftest.a conftest.o
ranlib libconftest.a
gcc -g -O2  -o conftest conftest.c -Wl,-force_load,./libconftest.a
configure:8646: result: yes
configure:8688: checking how to run the C preprocessor
configure:8719: gcc -E  conftest.c
configure:8719: $? = 0
configure:8733: gcc -E  conftest.c
conftest.c:12:10: fatal error: 'ac_nonexistent.h' file not found
#include <ac_nonexistent.h>
         ^
1 error generated.
configure:8733: $? = 1
configure: failed program was:
| /* confdefs.h */
| #define PACKAGE_NAME "fftw"
| #define PACKAGE_TARNAME "fftw"
| #define PACKAGE_VERSION "3.3.3"
| #define PACKAGE_STRING "fftw 3.3.3"
| #define PACKAGE_BUGREPORT "fftw@fftw.org"
| #define PACKAGE_URL ""
| #define PACKAGE "fftw"
| #define VERSION "3.3.3"
| #define FFTW_ENABLE_ALLOCA 1
| /* end confdefs.h.  */
| #include <ac_nonexistent.h>
configure:8758: result: gcc -E
configure:8778: gcc -E  conftest.c
configure:8778: $? = 0
configure:8792: gcc -E  conftest.c
conftest.c:12:10: fatal error: 'ac_nonexistent.h' file not found
#include <ac_nonexistent.h>
         ^
1 error generated.
configure:8792: $? = 1
configure: failed program was:
| /* confdefs.h */
| #define PACKAGE_NAME "fftw"
| #define PACKAGE_TARNAME "fftw"
| #define PACKAGE_VERSION "3.3.3"
| #define PACKAGE_STRING "fftw 3.3.3"
| #define PACKAGE_BUGREPORT "fftw@fftw.org"
| #define PACKAGE_URL ""
| #define PACKAGE "fftw"
| #define VERSION "3.3.3"
| #define FFTW_ENABLE_ALLOCA 1
| /* end confdefs.h.  */
| #include <ac_nonexistent.h>
configure:8821: checking for ANSI C header files
configure:8841: gcc -c -g -O2  conftest.c >&5
configure:8841: $? = 0
configure:8914: gcc -o conftest -g -O2   conftest.c  >&5
configure:8914: $? = 0
configure:8914: ./conftest
configure:8914: $? = 0
configure:8925: result: yes
configure:8938: checking for sys/types.h
configure:8938: gcc -c -g -O2  conftest.c >&5
configure:8938: $? = 0
configure:8938: result: yes
configure:8938: checking for sys/stat.h
configure:8938: gcc -c -g -O2  conftest.c >&5
configure:8938: $? = 0
configure:8938: result: yes
configure:8938: checking for stdlib.h
configure:8938: gcc -c -g -O2  conftest.c >&5
configure:8938: $? = 0
configure:8938: result: yes
configure:8938: checking for string.h
configure:8938: gcc -c -g -O2  conftest.c >&5
configure:8938: $? = 0
configure:8938: result: yes
configure:8938: checking for memory.h
configure:8938: gcc -c -g -O2  conftest.c >&5
configure:8938: $? = 0
configure:8938: result: yes
configure:8938: checking for strings.h
configure:8938: gcc -c -g -O2  conftest.c >&5
configure:8938: $? = 0
configure:8938: result: yes
configure:8938: checking for inttypes.h
configure:8938: gcc -c -g -O2  conftest.c >&5
configure:8938: $? = 0
configure:8938: result: yes
configure:8938: checking for stdint.h
configure:8938: gcc -c -g -O2  conftest.c >&5
configure:8938: $? = 0
configure:8938: result: yes
configure:8938: checking for unistd.h
configure:8938: gcc -c -g -O2  conftest.c >&5
configure:8938: $? = 0
configure:8938: result: yes
configure:8952: checking for dlfcn.h
configure:8952: gcc -c -g -O2  conftest.c >&5
configure:8952: $? = 0
configure:8952: result: yes
configure:9126: checking for objdir
configure:9141: result: .libs
configure:9412: checking if gcc supports -fno-rtti -fno-exceptions
configure:9430: gcc -c -g -O2  -fno-rtti -fno-exceptions conftest.c >&5
configure:9434: $? = 0
configure:9447: result: yes
configure:9774: checking for gcc option to produce PIC
configure:9781: result: -fno-common -DPIC
configure:9789: checking if gcc PIC flag -fno-common -DPIC works
configure:9807: gcc -c -g -O2  -fno-common -DPIC -DPIC conftest.c >&5
configure:9811: $? = 0
configure:9824: result: yes
configure:9853: checking if gcc static flag -static works
configure:9881: result: no
configure:9896: checking if gcc supports -c -o file.o
configure:9917: gcc -c -g -O2  -o out/conftest2.o conftest.c >&5
configure:9921: $? = 0
configure:9943: result: yes
configure:9951: checking if gcc supports -c -o file.o
configure:9998: result: yes
configure:10031: checking whether the gcc linker (/Applications/Xcode.app/Contents/Developer/Toolchains/XcodeDefault.xctoolchain/usr/bin/ld) supports shared libraries
configure:11188: result: yes
configure:11428: checking dynamic linker characteristics
configure:12162: result: darwin13.0.0 dyld
configure:12269: checking how to hardcode library paths into programs
configure:12294: result: immediate
configure:12834: checking whether stripping libraries is possible
configure:12848: result: yes
configure:12874: checking if libtool supports shared libraries
configure:12876: result: yes
configure:12879: checking whether to build shared libraries
configure:12900: result: no
configure:12903: checking whether to build static libraries
configure:12907: result: yes
configure:12947: checking for ocamlbuild
configure:12977: result: no
configure:13460: checking whether C compiler accepts -mtune=native
configure:13479: gcc -c -mtune=native  conftest.c >&5
configure:13479: $? = 0
configure:13489: result: yes
configure:13499: checking whether C compiler accepts -malign-double
configure:13518: gcc -c -malign-double  conftest.c >&5
clang: warning: argument unused during compilation: '-malign-double'
configure:13518: $? = 0
configure:13528: result: yes
configure:13538: checking whether C compiler accepts -fstrict-aliasing
configure:13557: gcc -c -fstrict-aliasing  conftest.c >&5
configure:13557: $? = 0
configure:13567: result: yes
configure:13584: checking whether C compiler accepts -fno-schedule-insns
configure:13603: gcc -c -fno-schedule-insns  conftest.c >&5
clang: warning: argument unused during compilation: '-fno-schedule-insns'
configure:13603: $? = 0
configure:13613: result: yes
configure:13623: checking whether C compiler accepts -ffast-math
configure:13642: gcc -c -ffast-math  conftest.c >&5
configure:13642: $? = 0
configure:13652: result: yes
configure:13675: checking whether C compiler accepts -O3 -fomit-frame-pointer -mtune=native -malign-double -fstrict-aliasing -fno-schedule-insns -ffast-math
configure:13690: gcc -c -O3 -fomit-frame-pointer -mtune=native -malign-double -fstrict-aliasing -fno-schedule-insns -ffast-math  conftest.c >&5
clang: warning: argument unused during compilation: '-malign-double'
clang: warning: argument unused during compilation: '-fno-schedule-insns'
configure:13690: $? = 0
configure:13698: result: yes
configure:14127: checking for ANSI C header files
configure:14231: result: yes
configure:14242: checking libintl.h usability
configure:14242: gcc -c -O3 -fomit-frame-pointer -mtune=native -malign-double -fstrict-aliasing -fno-schedule-insns -ffast-math  conftest.c >&5
clang: warning: argument unused during compilation: '-malign-double'
clang: warning: argument unused during compilation: '-fno-schedule-insns'
conftest.c:58:10: fatal error: 'libintl.h' file not found
#include <libintl.h>
         ^
1 error generated.
configure:14242: $? = 1
configure: failed program was:
| /* confdefs.h */
| #define PACKAGE_NAME "fftw"
| #define PACKAGE_TARNAME "fftw"
| #define PACKAGE_VERSION "3.3.3"
| #define PACKAGE_STRING "fftw 3.3.3"
| #define PACKAGE_BUGREPORT "fftw@fftw.org"
| #define PACKAGE_URL ""
| #define PACKAGE "fftw"
| #define VERSION "3.3.3"
| #define FFTW_ENABLE_ALLOCA 1
| #define STDC_HEADERS 1
| #define HAVE_SYS_TYPES_H 1
| #define HAVE_SYS_STAT_H 1
| #define HAVE_STDLIB_H 1
| #define HAVE_STRING_H 1
| #define HAVE_MEMORY_H 1
| #define HAVE_STRINGS_H 1
| #define HAVE_INTTYPES_H 1
| #define HAVE_STDINT_H 1
| #define HAVE_UNISTD_H 1
| #define HAVE_DLFCN_H 1
| #define LT_OBJDIR ".libs/"
| #define STDC_HEADERS 1
| /* end confdefs.h.  */
| #include <stdio.h>
| #ifdef HAVE_SYS_TYPES_H
| # include <sys/types.h>
| #endif
| #ifdef HAVE_SYS_STAT_H
| # include <sys/stat.h>
| #endif
| #ifdef STDC_HEADERS
| # include <stdlib.h>
| # include <stddef.h>
| #else
| # ifdef HAVE_STDLIB_H
| #  include <stdlib.h>
| # endif
| #endif
| #ifdef HAVE_STRING_H
| # if !defined STDC_HEADERS && defined HAVE_MEMORY_H
| #  include <memory.h>
| # endif
| # include <string.h>
| #endif
| #ifdef HAVE_STRINGS_H
| # include <strings.h>
| #endif
| #ifdef HAVE_INTTYPES_H
| # include <inttypes.h>
| #endif
| #ifdef HAVE_STDINT_H
| # include <stdint.h>
| #endif
| #ifdef HAVE_UNISTD_H
| # include <unistd.h>
| #endif
| #include <libintl.h>
configure:14242: result: no
configure:14242: checking libintl.h presence
configure:14242: gcc -E  conftest.c
conftest.c:25:10: fatal error: 'libintl.h' file not found
#include <libintl.h>
         ^
1 error generated.
configure:14242: $? = 1
configure: failed program was:
| /* confdefs.h */
| #define PACKAGE_NAME "fftw"
| #define PACKAGE_TARNAME "fftw"
| #define PACKAGE_VERSION "3.3.3"
| #define PACKAGE_STRING "fftw 3.3.3"
| #define PACKAGE_BUGREPORT "fftw@fftw.org"
| #define PACKAGE_URL ""
| #define PACKAGE "fftw"
| #define VERSION "3.3.3"
| #define FFTW_ENABLE_ALLOCA 1
| #define STDC_HEADERS 1
| #define HAVE_SYS_TYPES_H 1
| #define HAVE_SYS_STAT_H 1
| #define HAVE_STDLIB_H 1
| #define HAVE_STRING_H 1
| #define HAVE_MEMORY_H 1
| #define HAVE_STRINGS_H 1
| #define HAVE_INTTYPES_H 1
| #define HAVE_STDINT_H 1
| #define HAVE_UNISTD_H 1
| #define HAVE_DLFCN_H 1
| #define LT_OBJDIR ".libs/"
| #define STDC_HEADERS 1
| /* end confdefs.h.  */
| #include <libintl.h>
configure:14242: result: no
configure:14242: checking for libintl.h
configure:14242: result: no
configure:14242: checking malloc.h usability
configure:14242: gcc -c -O3 -fomit-frame-pointer -mtune=native -malign-double -fstrict-aliasing -fno-schedule-insns -ffast-math  conftest.c >&5
clang: warning: argument unused during compilation: '-malign-double'
clang: warning: argument unused during compilation: '-fno-schedule-insns'
conftest.c:58:10: fatal error: 'malloc.h' file not found
#include <malloc.h>
         ^
1 error generated.
configure:14242: $? = 1
configure: failed program was:
| /* confdefs.h */
| #define PACKAGE_NAME "fftw"
| #define PACKAGE_TARNAME "fftw"
| #define PACKAGE_VERSION "3.3.3"
| #define PACKAGE_STRING "fftw 3.3.3"
| #define PACKAGE_BUGREPORT "fftw@fftw.org"
| #define PACKAGE_URL ""
| #define PACKAGE "fftw"
| #define VERSION "3.3.3"
| #define FFTW_ENABLE_ALLOCA 1
| #define STDC_HEADERS 1
| #define HAVE_SYS_TYPES_H 1
| #define HAVE_SYS_STAT_H 1
| #define HAVE_STDLIB_H 1
| #define HAVE_STRING_H 1
| #define HAVE_MEMORY_H 1
| #define HAVE_STRINGS_H 1
| #define HAVE_INTTYPES_H 1
| #define HAVE_STDINT_H 1
| #define HAVE_UNISTD_H 1
| #define HAVE_DLFCN_H 1
| #define LT_OBJDIR ".libs/"
| #define STDC_HEADERS 1
| /* end confdefs.h.  */
| #include <stdio.h>
| #ifdef HAVE_SYS_TYPES_H
| # include <sys/types.h>
| #endif
| #ifdef HAVE_SYS_STAT_H
| # include <sys/stat.h>
| #endif
| #ifdef STDC_HEADERS
| # include <stdlib.h>
| # include <stddef.h>
| #else
| # ifdef HAVE_STDLIB_H
| #  include <stdlib.h>
| # endif
| #endif
| #ifdef HAVE_STRING_H
| # if !defined STDC_HEADERS && defined HAVE_MEMORY_H
| #  include <memory.h>
| # endif
| # include <string.h>
| #endif
| #ifdef HAVE_STRINGS_H
| # include <strings.h>
| #endif
| #ifdef HAVE_INTTYPES_H
| # include <inttypes.h>
| #endif
| #ifdef HAVE_STDINT_H
| # include <stdint.h>
| #endif
| #ifdef HAVE_UNISTD_H
| # include <unistd.h>
| #endif
| #include <malloc.h>
configure:14242: result: no
configure:14242: checking malloc.h presence
configure:14242: gcc -E  conftest.c
conftest.c:25:10: fatal error: 'malloc.h' file not found
#include <malloc.h>
         ^
1 error generated.
configure:14242: $? = 1
configure: failed program was:
| /* confdefs.h */
| #define PACKAGE_NAME "fftw"
| #define PACKAGE_TARNAME "fftw"
| #define PACKAGE_VERSION "3.3.3"
| #define PACKAGE_STRING "fftw 3.3.3"
| #define PACKAGE_BUGREPORT "fftw@fftw.org"
| #define PACKAGE_URL ""
| #define PACKAGE "fftw"
| #define VERSION "3.3.3"
| #define FFTW_ENABLE_ALLOCA 1
| #define STDC_HEADERS 1
| #define HAVE_SYS_TYPES_H 1
| #define HAVE_SYS_STAT_H 1
| #define HAVE_STDLIB_H 1
| #define HAVE_STRING_H 1
| #define HAVE_MEMORY_H 1
| #define HAVE_STRINGS_H 1
| #define HAVE_INTTYPES_H 1
| #define HAVE_STDINT_H 1
| #define HAVE_UNISTD_H 1
| #define HAVE_DLFCN_H 1
| #define LT_OBJDIR ".libs/"
| #define STDC_HEADERS 1
| /* end confdefs.h.  */
| #include <malloc.h>
configure:14242: result: no
configure:14242: checking for malloc.h
configure:14242: result: no
configure:14242: checking stddef.h usability
configure:14242: gcc -c -O3 -fomit-frame-pointer -mtune=native -malign-double -fstrict-aliasing -fno-schedule-insns -ffast-math  conftest.c >&5
clang: warning: argument unused during compilation: '-malign-double'
clang: warning: argument unused during compilation: '-fno-schedule-insns'
configure:14242: $? = 0
configure:14242: result: yes
configure:14242: checking stddef.h presence
configure:14242: gcc -E  conftest.c
configure:14242: $? = 0
configure:14242: result: yes
configure:14242: checking for stddef.h
configure:14242: result: yes
configure:14242: checking for stdlib.h
configure:14242: result: yes
configure:14242: checking for string.h
configure:14242: result: yes
configure:14242: checking for strings.h
configure:14242: result: yes
configure:14242: checking sys/time.h usability
configure:14242: gcc -c -O3 -fomit-frame-pointer -mtune=native -malign-double -fstrict-aliasing -fno-schedule-insns -ffast-math  conftest.c >&5
clang: warning: argument unused during compilation: '-malign-double'
clang: warning: argument unused during compilation: '-fno-schedule-insns'
configure:14242: $? = 0
configure:14242: result: yes
configure:14242: checking sys/time.h presence
configure:14242: gcc -E  conftest.c
configure:14242: $? = 0
configure:14242: result: yes
configure:14242: checking for sys/time.h
configure:14242: result: yes
configure:14242: checking for unistd.h
configure:14242: result: yes
configure:14242: checking limits.h usability
configure:14242: gcc -c -O3 -fomit-frame-pointer -mtune=native -malign-double -fstrict-aliasing -fno-schedule-insns -ffast-math  conftest.c >&5
clang: warning: argument unused during compilation: '-malign-double'
clang: warning: argument unused during compilation: '-fno-schedule-insns'
configure:14242: $? = 0
configure:14242: result: yes
configure:14242: checking limits.h presence
configure:14242: gcc -E  conftest.c
configure:14242: $? = 0
configure:14242: result: yes
configure:14242: checking for limits.h
configure:14242: result: yes
configure:14242: checking c_asm.h usability
configure:14242: gcc -c -O3 -fomit-frame-pointer -mtune=native -malign-double -fstrict-aliasing -fno-schedule-insns -ffast-math  conftest.c >&5
clang: warning: argument unused during compilation: '-malign-double'
clang: warning: argument unused during compilation: '-fno-schedule-insns'
conftest.c:65:10: fatal error: 'c_asm.h' file not found
#include <c_asm.h>
         ^
1 error generated.
configure:14242: $? = 1
configure: failed program was:
| /* confdefs.h */
| #define PACKAGE_NAME "fftw"
| #define PACKAGE_TARNAME "fftw"
| #define PACKAGE_VERSION "3.3.3"
| #define PACKAGE_STRING "fftw 3.3.3"
| #define PACKAGE_BUGREPORT "fftw@fftw.org"
| #define PACKAGE_URL ""
| #define PACKAGE "fftw"
| #define VERSION "3.3.3"
| #define FFTW_ENABLE_ALLOCA 1
| #define STDC_HEADERS 1
| #define HAVE_SYS_TYPES_H 1
| #define HAVE_SYS_STAT_H 1
| #define HAVE_STDLIB_H 1
| #define HAVE_STRING_H 1
| #define HAVE_MEMORY_H 1
| #define HAVE_STRINGS_H 1
| #define HAVE_INTTYPES_H 1
| #define HAVE_STDINT_H 1
| #define HAVE_UNISTD_H 1
| #define HAVE_DLFCN_H 1
| #define LT_OBJDIR ".libs/"
| #define STDC_HEADERS 1
| #define HAVE_STDDEF_H 1
| #define HAVE_STDLIB_H 1
| #define HAVE_STRING_H 1
| #define HAVE_STRINGS_H 1
| #define HAVE_SYS_TIME_H 1
| #define HAVE_UNISTD_H 1
| #define HAVE_LIMITS_H 1
| /* end confdefs.h.  */
| #include <stdio.h>
| #ifdef HAVE_SYS_TYPES_H
| # include <sys/types.h>
| #endif
| #ifdef HAVE_SYS_STAT_H
| # include <sys/stat.h>
| #endif
| #ifdef STDC_HEADERS
| # include <stdlib.h>
| # include <stddef.h>
| #else
| # ifdef HAVE_STDLIB_H
| #  include <stdlib.h>
| # endif
| #endif
| #ifdef HAVE_STRING_H
| # if !defined STDC_HEADERS && defined HAVE_MEMORY_H
| #  include <memory.h>
| # endif
| # include <string.h>
| #endif
| #ifdef HAVE_STRINGS_H
| # include <strings.h>
| #endif
| #ifdef HAVE_INTTYPES_H
| # include <inttypes.h>
| #endif
| #ifdef HAVE_STDINT_H
| # include <stdint.h>
| #endif
| #ifdef HAVE_UNISTD_H
| # include <unistd.h>
| #endif
| #include <c_asm.h>
configure:14242: result: no
configure:14242: checking c_asm.h presence
configure:14242: gcc -E  conftest.c
conftest.c:32:10: fatal error: 'c_asm.h' file not found
#include <c_asm.h>
         ^
1 error generated.
configure:14242: $? = 1
configure: failed program was:
| /* confdefs.h */
| #define PACKAGE_NAME "fftw"
| #define PACKAGE_TARNAME "fftw"
| #define PACKAGE_VERSION "3.3.3"
| #define PACKAGE_STRING "fftw 3.3.3"
| #define PACKAGE_BUGREPORT "fftw@fftw.org"
| #define PACKAGE_URL ""
| #define PACKAGE "fftw"
| #define VERSION "3.3.3"
| #define FFTW_ENABLE_ALLOCA 1
| #define STDC_HEADERS 1
| #define HAVE_SYS_TYPES_H 1
| #define HAVE_SYS_STAT_H 1
| #define HAVE_STDLIB_H 1
| #define HAVE_STRING_H 1
| #define HAVE_MEMORY_H 1
| #define HAVE_STRINGS_H 1
| #define HAVE_INTTYPES_H 1
| #define HAVE_STDINT_H 1
| #define HAVE_UNISTD_H 1
| #define HAVE_DLFCN_H 1
| #define LT_OBJDIR ".libs/"
| #define STDC_HEADERS 1
| #define HAVE_STDDEF_H 1
| #define HAVE_STDLIB_H 1
| #define HAVE_STRING_H 1
| #define HAVE_STRINGS_H 1
| #define HAVE_SYS_TIME_H 1
| #define HAVE_UNISTD_H 1
| #define HAVE_LIMITS_H 1
| /* end confdefs.h.  */
| #include <c_asm.h>
configure:14242: result: no
configure:14242: checking for c_asm.h
configure:14242: result: no
configure:14242: checking intrinsics.h usability
configure:14242: gcc -c -O3 -fomit-frame-pointer -mtune=native -malign-double -fstrict-aliasing -fno-schedule-insns -ffast-math  conftest.c >&5
clang: warning: argument unused during compilation: '-malign-double'
clang: warning: argument unused during compilation: '-fno-schedule-insns'
conftest.c:65:10: fatal error: 'intrinsics.h' file not found
#include <intrinsics.h>
         ^
1 error generated.
configure:14242: $? = 1
configure: failed program was:
| /* confdefs.h */
| #define PACKAGE_NAME "fftw"
| #define PACKAGE_TARNAME "fftw"
| #define PACKAGE_VERSION "3.3.3"
| #define PACKAGE_STRING "fftw 3.3.3"
| #define PACKAGE_BUGREPORT "fftw@fftw.org"
| #define PACKAGE_URL ""
| #define PACKAGE "fftw"
| #define VERSION "3.3.3"
| #define FFTW_ENABLE_ALLOCA 1
| #define STDC_HEADERS 1
| #define HAVE_SYS_TYPES_H 1
| #define HAVE_SYS_STAT_H 1
| #define HAVE_STDLIB_H 1
| #define HAVE_STRING_H 1
| #define HAVE_MEMORY_H 1
| #define HAVE_STRINGS_H 1
| #define HAVE_INTTYPES_H 1
| #define HAVE_STDINT_H 1
| #define HAVE_UNISTD_H 1
| #define HAVE_DLFCN_H 1
| #define LT_OBJDIR ".libs/"
| #define STDC_HEADERS 1
| #define HAVE_STDDEF_H 1
| #define HAVE_STDLIB_H 1
| #define HAVE_STRING_H 1
| #define HAVE_STRINGS_H 1
| #define HAVE_SYS_TIME_H 1
| #define HAVE_UNISTD_H 1
| #define HAVE_LIMITS_H 1
| /* end confdefs.h.  */
| #include <stdio.h>
| #ifdef HAVE_SYS_TYPES_H
| # include <sys/types.h>
| #endif
| #ifdef HAVE_SYS_STAT_H
| # include <sys/stat.h>
| #endif
| #ifdef STDC_HEADERS
| # include <stdlib.h>
| # include <stddef.h>
| #else
| # ifdef HAVE_STDLIB_H
| #  include <stdlib.h>
| # endif
| #endif
| #ifdef HAVE_STRING_H
| # if !defined STDC_HEADERS && defined HAVE_MEMORY_H
| #  include <memory.h>
| # endif
| # include <string.h>
| #endif
| #ifdef HAVE_STRINGS_H
| # include <strings.h>
| #endif
| #ifdef HAVE_INTTYPES_H
| # include <inttypes.h>
| #endif
| #ifdef HAVE_STDINT_H
| # include <stdint.h>
| #endif
| #ifdef HAVE_UNISTD_H
| # include <unistd.h>
| #endif
| #include <intrinsics.h>
configure:14242: result: no
configure:14242: checking intrinsics.h presence
configure:14242: gcc -E  conftest.c
conftest.c:32:10: fatal error: 'intrinsics.h' file not found
#include <intrinsics.h>
         ^
1 error generated.
configure:14242: $? = 1
configure: failed program was:
| /* confdefs.h */
| #define PACKAGE_NAME "fftw"
| #define PACKAGE_TARNAME "fftw"
| #define PACKAGE_VERSION "3.3.3"
| #define PACKAGE_STRING "fftw 3.3.3"
| #define PACKAGE_BUGREPORT "fftw@fftw.org"
| #define PACKAGE_URL ""
| #define PACKAGE "fftw"
| #define VERSION "3.3.3"
| #define FFTW_ENABLE_ALLOCA 1
| #define STDC_HEADERS 1
| #define HAVE_SYS_TYPES_H 1
| #define HAVE_SYS_STAT_H 1
| #define HAVE_STDLIB_H 1
| #define HAVE_STRING_H 1
| #define HAVE_MEMORY_H 1
| #define HAVE_STRINGS_H 1
| #define HAVE_INTTYPES_H 1
| #define HAVE_STDINT_H 1
| #define HAVE_UNISTD_H 1
| #define HAVE_DLFCN_H 1
| #define LT_OBJDIR ".libs/"
| #define STDC_HEADERS 1
| #define HAVE_STDDEF_H 1
| #define HAVE_STDLIB_H 1
| #define HAVE_STRING_H 1
| #define HAVE_STRINGS_H 1
| #define HAVE_SYS_TIME_H 1
| #define HAVE_UNISTD_H 1
| #define HAVE_LIMITS_H 1
| /* end confdefs.h.  */
| #include <intrinsics.h>
configure:14242: result: no
configure:14242: checking for intrinsics.h
configure:14242: result: no
configure:14242: checking for stdint.h
configure:14242: result: yes
configure:14242: checking mach/mach_time.h usability
configure:14242: gcc -c -O3 -fomit-frame-pointer -mtune=native -malign-double -fstrict-aliasing -fno-schedule-insns -ffast-math  conftest.c >&5
clang: warning: argument unused during compilation: '-malign-double'
clang: warning: argument unused during compilation: '-fno-schedule-insns'
configure:14242: $? = 0
configure:14242: result: yes
configure:14242: checking mach/mach_time.h presence
configure:14242: gcc -E  conftest.c
configure:14242: $? = 0
configure:14242: result: yes
configure:14242: checking for mach/mach_time.h
configure:14242: result: yes
configure:14242: checking sys/sysctl.h usability
configure:14242: gcc -c -O3 -fomit-frame-pointer -mtune=native -malign-double -fstrict-aliasing -fno-schedule-insns -ffast-math  conftest.c >&5
clang: warning: argument unused during compilation: '-malign-double'
clang: warning: argument unused during compilation: '-fno-schedule-insns'
configure:14242: $? = 0
configure:14242: result: yes
configure:14242: checking sys/sysctl.h presence
configure:14242: gcc -E  conftest.c
configure:14242: $? = 0
configure:14242: result: yes
configure:14242: checking for sys/sysctl.h
configure:14242: result: yes
configure:14259: checking altivec.h usability
configure:14259: gcc -c -O3 -fomit-frame-pointer -mtune=native -malign-double -fstrict-aliasing -fno-schedule-insns -ffast-math    conftest.c >&5
clang: warning: argument unused during compilation: '-malign-double'
clang: warning: argument unused during compilation: '-fno-schedule-insns'
In file included from conftest.c:68:
/Applications/Xcode.app/Contents/Developer/Toolchains/XcodeDefault.xctoolchain/usr/bin/../lib/clang/5.0/include/altivec.h:27:2: error: "AltiVec support not enabled"
#error "AltiVec support not enabled"
 ^
/Applications/Xcode.app/Contents/Developer/Toolchains/XcodeDefault.xctoolchain/usr/bin/../lib/clang/5.0/include/altivec.h:39:8: error: unknown type name 'vector'
static vector signed char __ATTRS_o_ai
       ^
/Applications/Xcode.app/Contents/Developer/Toolchains/XcodeDefault.xctoolchain/usr/bin/../lib/clang/5.0/include/altivec.h:39:15: error: expected identifier or '('
static vector signed char __ATTRS_o_ai
              ^
/Applications/Xcode.app/Contents/Developer/Toolchains/XcodeDefault.xctoolchain/usr/bin/../lib/clang/5.0/include/altivec.h:42:8: error: unknown type name 'vector'
static vector unsigned char __ATTRS_o_ai
       ^
/Applications/Xcode.app/Contents/Developer/Toolchains/XcodeDefault.xctoolchain/usr/bin/../lib/clang/5.0/include/altivec.h:42:15: error: expected identifier or '('
static vector unsigned char __ATTRS_o_ai
              ^
/Applications/Xcode.app/Contents/Developer/Toolchains/XcodeDefault.xctoolchain/usr/bin/../lib/clang/5.0/include/altivec.h:47:8: error: unknown type name 'vector'
static vector bool char __ATTRS_o_ai
       ^
/Applications/Xcode.app/Contents/Developer/Toolchains/XcodeDefault.xctoolchain/usr/bin/../lib/clang/5.0/include/altivec.h:47:19: error: expected ';' after top level declarator
static vector bool char __ATTRS_o_ai
                  ^
/Applications/Xcode.app/Contents/Developer/Toolchains/XcodeDefault.xctoolchain/usr/bin/../lib/clang/5.0/include/altivec.h:48:10: error: unknown type name 'vector'
vec_perm(vector bool char __a, vector bool char __b, vector unsigned char __c);
         ^
/Applications/Xcode.app/Contents/Developer/Toolchains/XcodeDefault.xctoolchain/usr/bin/../lib/clang/5.0/include/altivec.h:48:22: error: expected ')'
vec_perm(vector bool char __a, vector bool char __b, vector unsigned char __c);
                     ^
/Applications/Xcode.app/Contents/Developer/Toolchains/XcodeDefault.xctoolchain/usr/bin/../lib/clang/5.0/include/altivec.h:48:9: note: to match this '('
vec_perm(vector bool char __a, vector bool char __b, vector unsigned char __c);
        ^
/Applications/Xcode.app/Contents/Developer/Toolchains/XcodeDefault.xctoolchain/usr/bin/../lib/clang/5.0/include/altivec.h:50:8: error: unknown type name 'vector'
static vector short __ATTRS_o_ai
       ^
/Applications/Xcode.app/Contents/Developer/Toolchains/XcodeDefault.xctoolchain/usr/bin/../lib/clang/5.0/include/altivec.h:50:15: error: expected identifier or '('
static vector short __ATTRS_o_ai
              ^
/Applications/Xcode.app/Contents/Developer/Toolchains/XcodeDefault.xctoolchain/usr/bin/../lib/clang/5.0/include/altivec.h:53:8: error: unknown type name 'vector'
static vector unsigned short __ATTRS_o_ai
       ^
/Applications/Xcode.app/Contents/Developer/Toolchains/XcodeDefault.xctoolchain/usr/bin/../lib/clang/5.0/include/altivec.h:53:15: error: expected identifier or '('
static vector unsigned short __ATTRS_o_ai
              ^
/Applications/Xcode.app/Contents/Developer/Toolchains/XcodeDefault.xctoolchain/usr/bin/../lib/clang/5.0/include/altivec.h:58:8: error: unknown type name 'vector'
static vector bool short __ATTRS_o_ai
       ^
/Applications/Xcode.app/Contents/Developer/Toolchains/XcodeDefault.xctoolchain/usr/bin/../lib/clang/5.0/include/altivec.h:58:19: error: expected ';' after top level declarator
static vector bool short __ATTRS_o_ai
                  ^
/Applications/Xcode.app/Contents/Developer/Toolchains/XcodeDefault.xctoolchain/usr/bin/../lib/clang/5.0/include/altivec.h:59:10: error: unknown type name 'vector'
vec_perm(vector bool short __a, vector bool short __b, vector unsigned char __c);
         ^
/Applications/Xcode.app/Contents/Developer/Toolchains/XcodeDefault.xctoolchain/usr/bin/../lib/clang/5.0/include/altivec.h:59:22: error: expected ')'
vec_perm(vector bool short __a, vector bool short __b, vector unsigned char __c);
                     ^
/Applications/Xcode.app/Contents/Developer/Toolchains/XcodeDefault.xctoolchain/usr/bin/../lib/clang/5.0/include/altivec.h:59:9: note: to match this '('
vec_perm(vector bool short __a, vector bool short __b, vector unsigned char __c);
        ^
/Applications/Xcode.app/Contents/Developer/Toolchains/XcodeDefault.xctoolchain/usr/bin/../lib/clang/5.0/include/altivec.h:61:8: error: unknown type name 'vector'
static vector pixel __ATTRS_o_ai
       ^
/Applications/Xcode.app/Contents/Developer/Toolchains/XcodeDefault.xctoolchain/usr/bin/../lib/clang/5.0/include/altivec.h:61:21: error: 'overloadable' attribute can only be applied to a function
static vector pixel __ATTRS_o_ai
                    ^
/Applications/Xcode.app/Contents/Developer/Toolchains/XcodeDefault.xctoolchain/usr/bin/../lib/clang/5.0/include/altivec.h:37:37: note: expanded from macro '__ATTRS_o_ai'
#define __ATTRS_o_ai __attribute__((__overloadable__, __always_inline__))
                                    ^
fatal error: too many errors emitted, stopping now [-ferror-limit=]
20 errors generated.
configure:14259: $? = 1
configure: failed program was:
| /* confdefs.h */
| #define PACKAGE_NAME "fftw"
| #define PACKAGE_TARNAME "fftw"
| #define PACKAGE_VERSION "3.3.3"
| #define PACKAGE_STRING "fftw 3.3.3"
| #define PACKAGE_BUGREPORT "fftw@fftw.org"
| #define PACKAGE_URL ""
| #define PACKAGE "fftw"
| #define VERSION "3.3.3"
| #define FFTW_ENABLE_ALLOCA 1
| #define STDC_HEADERS 1
| #define HAVE_SYS_TYPES_H 1
| #define HAVE_SYS_STAT_H 1
| #define HAVE_STDLIB_H 1
| #define HAVE_STRING_H 1
| #define HAVE_MEMORY_H 1
| #define HAVE_STRINGS_H 1
| #define HAVE_INTTYPES_H 1
| #define HAVE_STDINT_H 1
| #define HAVE_UNISTD_H 1
| #define HAVE_DLFCN_H 1
| #define LT_OBJDIR ".libs/"
| #define STDC_HEADERS 1
| #define HAVE_STDDEF_H 1
| #define HAVE_STDLIB_H 1
| #define HAVE_STRING_H 1
| #define HAVE_STRINGS_H 1
| #define HAVE_SYS_TIME_H 1
| #define HAVE_UNISTD_H 1
| #define HAVE_LIMITS_H 1
| #define HAVE_STDINT_H 1
| #define HAVE_MACH_MACH_TIME_H 1
| #define HAVE_SYS_SYSCTL_H 1
| /* end confdefs.h.  */
| #include <stdio.h>
| #ifdef HAVE_SYS_TYPES_H
| # include <sys/types.h>
| #endif
| #ifdef HAVE_SYS_STAT_H
| # include <sys/stat.h>
| #endif
| #ifdef STDC_HEADERS
| # include <stdlib.h>
| # include <stddef.h>
| #else
| # ifdef HAVE_STDLIB_H
| #  include <stdlib.h>
| # endif
| #endif
| #ifdef HAVE_STRING_H
| # if !defined STDC_HEADERS && defined HAVE_MEMORY_H
| #  include <memory.h>
| # endif
| # include <string.h>
| #endif
| #ifdef HAVE_STRINGS_H
| # include <strings.h>
| #endif
| #ifdef HAVE_INTTYPES_H
| # include <inttypes.h>
| #endif
| #ifdef HAVE_STDINT_H
| # include <stdint.h>
| #endif
| #ifdef HAVE_UNISTD_H
| # include <unistd.h>
| #endif
| #include <altivec.h>
configure:14259: result: no
configure:14259: checking altivec.h presence
configure:14259: gcc -E   conftest.c
In file included from conftest.c:35:
/Applications/Xcode.app/Contents/Developer/Toolchains/XcodeDefault.xctoolchain/usr/bin/../lib/clang/5.0/include/altivec.h:27:2: error: "AltiVec support not enabled"
#error "AltiVec support not enabled"
 ^
1 error generated.
configure:14259: $? = 1
configure: failed program was:
| /* confdefs.h */
| #define PACKAGE_NAME "fftw"
| #define PACKAGE_TARNAME "fftw"
| #define PACKAGE_VERSION "3.3.3"
| #define PACKAGE_STRING "fftw 3.3.3"
| #define PACKAGE_BUGREPORT "fftw@fftw.org"
| #define PACKAGE_URL ""
| #define PACKAGE "fftw"
| #define VERSION "3.3.3"
| #define FFTW_ENABLE_ALLOCA 1
| #define STDC_HEADERS 1
| #define HAVE_SYS_TYPES_H 1
| #define HAVE_SYS_STAT_H 1
| #define HAVE_STDLIB_H 1
| #define HAVE_STRING_H 1
| #define HAVE_MEMORY_H 1
| #define HAVE_STRINGS_H 1
| #define HAVE_INTTYPES_H 1
| #define HAVE_STDINT_H 1
| #define HAVE_UNISTD_H 1
| #define HAVE_DLFCN_H 1
| #define LT_OBJDIR ".libs/"
| #define STDC_HEADERS 1
| #define HAVE_STDDEF_H 1
| #define HAVE_STDLIB_H 1
| #define HAVE_STRING_H 1
| #define HAVE_STRINGS_H 1
| #define HAVE_SYS_TIME_H 1
| #define HAVE_UNISTD_H 1
| #define HAVE_LIMITS_H 1
| #define HAVE_STDINT_H 1
| #define HAVE_MACH_MACH_TIME_H 1
| #define HAVE_SYS_SYSCTL_H 1
| /* end confdefs.h.  */
| #include <altivec.h>
configure:14259: result: no
configure:14259: checking for altivec.h
configure:14259: result: no
configure:14273: checking for an ANSI C-conforming const
configure:14339: gcc -c -O3 -fomit-frame-pointer -mtune=native -malign-double -fstrict-aliasing -fno-schedule-insns -ffast-math  conftest.c >&5
clang: warning: argument unused during compilation: '-malign-double'
clang: warning: argument unused during compilation: '-fno-schedule-insns'
configure:14339: $? = 0
configure:14346: result: yes
configure:14354: checking for inline
configure:14370: gcc -c -O3 -fomit-frame-pointer -mtune=native -malign-double -fstrict-aliasing -fno-schedule-insns -ffast-math  conftest.c >&5
clang: warning: argument unused during compilation: '-malign-double'
clang: warning: argument unused during compilation: '-fno-schedule-insns'
configure:14370: $? = 0
configure:14378: result: inline
configure:14396: checking for size_t
configure:14396: gcc -c -O3 -fomit-frame-pointer -mtune=native -malign-double -fstrict-aliasing -fno-schedule-insns -ffast-math  conftest.c >&5
clang: warning: argument unused during compilation: '-malign-double'
clang: warning: argument unused during compilation: '-fno-schedule-insns'
configure:14396: $? = 0
configure:14396: gcc -c -O3 -fomit-frame-pointer -mtune=native -malign-double -fstrict-aliasing -fno-schedule-insns -ffast-math  conftest.c >&5
clang: warning: argument unused during compilation: '-malign-double'
clang: warning: argument unused during compilation: '-fno-schedule-insns'
conftest.c:71:21: error: expected expression
if (sizeof ((size_t)))
                    ^
1 error generated.
configure:14396: $? = 1
configure: failed program was:
| /* confdefs.h */
| #define PACKAGE_NAME "fftw"
| #define PACKAGE_TARNAME "fftw"
| #define PACKAGE_VERSION "3.3.3"
| #define PACKAGE_STRING "fftw 3.3.3"
| #define PACKAGE_BUGREPORT "fftw@fftw.org"
| #define PACKAGE_URL ""
| #define PACKAGE "fftw"
| #define VERSION "3.3.3"
| #define FFTW_ENABLE_ALLOCA 1
| #define STDC_HEADERS 1
| #define HAVE_SYS_TYPES_H 1
| #define HAVE_SYS_STAT_H 1
| #define HAVE_STDLIB_H 1
| #define HAVE_STRING_H 1
| #define HAVE_MEMORY_H 1
| #define HAVE_STRINGS_H 1
| #define HAVE_INTTYPES_H 1
| #define HAVE_STDINT_H 1
| #define HAVE_UNISTD_H 1
| #define HAVE_DLFCN_H 1
| #define LT_OBJDIR ".libs/"
| #define STDC_HEADERS 1
| #define HAVE_STDDEF_H 1
| #define HAVE_STDLIB_H 1
| #define HAVE_STRING_H 1
| #define HAVE_STRINGS_H 1
| #define HAVE_SYS_TIME_H 1
| #define HAVE_UNISTD_H 1
| #define HAVE_LIMITS_H 1
| #define HAVE_STDINT_H 1
| #define HAVE_MACH_MACH_TIME_H 1
| #define HAVE_SYS_SYSCTL_H 1
| /* end confdefs.h.  */
| #include <stdio.h>
| #ifdef HAVE_SYS_TYPES_H
| # include <sys/types.h>
| #endif
| #ifdef HAVE_SYS_STAT_H
| # include <sys/stat.h>
| #endif
| #ifdef STDC_HEADERS
| # include <stdlib.h>
| # include <stddef.h>
| #else
| # ifdef HAVE_STDLIB_H
| #  include <stdlib.h>
| # endif
| #endif
| #ifdef HAVE_STRING_H
| # if !defined STDC_HEADERS && defined HAVE_MEMORY_H
| #  include <memory.h>
| # endif
| # include <string.h>
| #endif
| #ifdef HAVE_STRINGS_H
| # include <strings.h>
| #endif
| #ifdef HAVE_INTTYPES_H
| # include <inttypes.h>
| #endif
| #ifdef HAVE_STDINT_H
| # include <stdint.h>
| #endif
| #ifdef HAVE_UNISTD_H
| # include <unistd.h>
| #endif
| int
| main ()
| {
| if (sizeof ((size_t)))
| 	    return 0;
|   ;
|   return 0;
| }
configure:14396: result: yes
configure:14407: checking whether time.h and sys/time.h may both be included
configure:14427: gcc -c -O3 -fomit-frame-pointer -mtune=native -malign-double -fstrict-aliasing -fno-schedule-insns -ffast-math  conftest.c >&5
clang: warning: argument unused during compilation: '-malign-double'
clang: warning: argument unused during compilation: '-fno-schedule-insns'
configure:14427: $? = 0
configure:14434: result: yes
configure:14442: checking for long double
configure:14442: gcc -c -O3 -fomit-frame-pointer -mtune=native -malign-double -fstrict-aliasing -fno-schedule-insns -ffast-math  conftest.c >&5
clang: warning: argument unused during compilation: '-malign-double'
clang: warning: argument unused during compilation: '-fno-schedule-insns'
configure:14442: $? = 0
configure:14442: gcc -c -O3 -fomit-frame-pointer -mtune=native -malign-double -fstrict-aliasing -fno-schedule-insns -ffast-math  conftest.c >&5
clang: warning: argument unused during compilation: '-malign-double'
clang: warning: argument unused during compilation: '-fno-schedule-insns'
conftest.c:72:26: error: expected expression
if (sizeof ((long double)))
                         ^
1 error generated.
configure:14442: $? = 1
configure: failed program was:
| /* confdefs.h */
| #define PACKAGE_NAME "fftw"
| #define PACKAGE_TARNAME "fftw"
| #define PACKAGE_VERSION "3.3.3"
| #define PACKAGE_STRING "fftw 3.3.3"
| #define PACKAGE_BUGREPORT "fftw@fftw.org"
| #define PACKAGE_URL ""
| #define PACKAGE "fftw"
| #define VERSION "3.3.3"
| #define FFTW_ENABLE_ALLOCA 1
| #define STDC_HEADERS 1
| #define HAVE_SYS_TYPES_H 1
| #define HAVE_SYS_STAT_H 1
| #define HAVE_STDLIB_H 1
| #define HAVE_STRING_H 1
| #define HAVE_MEMORY_H 1
| #define HAVE_STRINGS_H 1
| #define HAVE_INTTYPES_H 1
| #define HAVE_STDINT_H 1
| #define HAVE_UNISTD_H 1
| #define HAVE_DLFCN_H 1
| #define LT_OBJDIR ".libs/"
| #define STDC_HEADERS 1
| #define HAVE_STDDEF_H 1
| #define HAVE_STDLIB_H 1
| #define HAVE_STRING_H 1
| #define HAVE_STRINGS_H 1
| #define HAVE_SYS_TIME_H 1
| #define HAVE_UNISTD_H 1
| #define HAVE_LIMITS_H 1
| #define HAVE_STDINT_H 1
| #define HAVE_MACH_MACH_TIME_H 1
| #define HAVE_SYS_SYSCTL_H 1
| #define TIME_WITH_SYS_TIME 1
| /* end confdefs.h.  */
| #include <stdio.h>
| #ifdef HAVE_SYS_TYPES_H
| # include <sys/types.h>
| #endif
| #ifdef HAVE_SYS_STAT_H
| # include <sys/stat.h>
| #endif
| #ifdef STDC_HEADERS
| # include <stdlib.h>
| # include <stddef.h>
| #else
| # ifdef HAVE_STDLIB_H
| #  include <stdlib.h>
| # endif
| #endif
| #ifdef HAVE_STRING_H
| # if !defined STDC_HEADERS && defined HAVE_MEMORY_H
| #  include <memory.h>
| # endif
| # include <string.h>
| #endif
| #ifdef HAVE_STRINGS_H
| # include <strings.h>
| #endif
| #ifdef HAVE_INTTYPES_H
| # include <inttypes.h>
| #endif
| #ifdef HAVE_STDINT_H
| # include <stdint.h>
| #endif
| #ifdef HAVE_UNISTD_H
| # include <unistd.h>
| #endif
| int
| main ()
| {
| if (sizeof ((long double)))
| 	    return 0;
|   ;
|   return 0;
| }
configure:14442: result: yes
configure:14455: checking for hrtime_t
configure:14455: gcc -c -O3 -fomit-frame-pointer -mtune=native -malign-double -fstrict-aliasing -fno-schedule-insns -ffast-math  conftest.c >&5
clang: warning: argument unused during compilation: '-malign-double'
clang: warning: argument unused during compilation: '-fno-schedule-insns'
conftest.c:46:13: error: use of undeclared identifier 'hrtime_t'; did you mean 'time_t'?
if (sizeof (hrtime_t))
            ^
1 error generated.
configure:14455: $? = 1
configure: failed program was:
| /* confdefs.h */
| #define PACKAGE_NAME "fftw"
| #define PACKAGE_TARNAME "fftw"
| #define PACKAGE_VERSION "3.3.3"
| #define PACKAGE_STRING "fftw 3.3.3"
| #define PACKAGE_BUGREPORT "fftw@fftw.org"
| #define PACKAGE_URL ""
| #define PACKAGE "fftw"
| #define VERSION "3.3.3"
| #define FFTW_ENABLE_ALLOCA 1
| #define STDC_HEADERS 1
| #define HAVE_SYS_TYPES_H 1
| #define HAVE_SYS_STAT_H 1
| #define HAVE_STDLIB_H 1
| #define HAVE_STRING_H 1
| #define HAVE_MEMORY_H 1
| #define HAVE_STRINGS_H 1
| #define HAVE_INTTYPES_H 1
| #define HAVE_STDINT_H 1
| #define HAVE_UNISTD_H 1
| #define HAVE_DLFCN_H 1
| #define LT_OBJDIR ".libs/"
| #define STDC_HEADERS 1
| #define HAVE_STDDEF_H 1
| #define HAVE_STDLIB_H 1
| #define HAVE_STRING_H 1
| #define HAVE_STRINGS_H 1
| #define HAVE_SYS_TIME_H 1
| #define HAVE_UNISTD_H 1
| #define HAVE_LIMITS_H 1
| #define HAVE_STDINT_H 1
| #define HAVE_MACH_MACH_TIME_H 1
| #define HAVE_SYS_SYSCTL_H 1
| #define TIME_WITH_SYS_TIME 1
| #define HAVE_LONG_DOUBLE 1
| /* end confdefs.h.  */
| 
| #if HAVE_SYS_TIME_H
| #include <sys/time.h>
| #endif
| 
| 
| int
| main ()
| {
| if (sizeof (hrtime_t))
| 	 return 0;
|   ;
|   return 0;
| }
configure:14455: result: no
configure:14472: checking size of int
configure:14477: gcc -o conftest -O3 -fomit-frame-pointer -mtune=native -malign-double -fstrict-aliasing -fno-schedule-insns -ffast-math   conftest.c  >&5
clang: warning: argument unused during compilation: '-malign-double'
clang: warning: argument unused during compilation: '-fno-schedule-insns'
configure:14477: $? = 0
configure:14477: ./conftest
configure:14477: $? = 0
configure:14491: result: 4
configure:14505: checking size of unsigned int
configure:14510: gcc -o conftest -O3 -fomit-frame-pointer -mtune=native -malign-double -fstrict-aliasing -fno-schedule-insns -ffast-math   conftest.c  >&5
clang: warning: argument unused during compilation: '-malign-double'
clang: warning: argument unused during compilation: '-fno-schedule-insns'
configure:14510: $? = 0
configure:14510: ./conftest
configure:14510: $? = 0
configure:14524: result: 4
configure:14538: checking size of long
configure:14543: gcc -o conftest -O3 -fomit-frame-pointer -mtune=native -malign-double -fstrict-aliasing -fno-schedule-insns -ffast-math   conftest.c  >&5
clang: warning: argument unused during compilation: '-malign-double'
clang: warning: argument unused during compilation: '-fno-schedule-insns'
configure:14543: $? = 0
configure:14543: ./conftest
configure:14543: $? = 0
configure:14557: result: 8
configure:14571: checking size of unsigned long
configure:14576: gcc -o conftest -O3 -fomit-frame-pointer -mtune=native -malign-double -fstrict-aliasing -fno-schedule-insns -ffast-math   conftest.c  >&5
clang: warning: argument unused during compilation: '-malign-double'
clang: warning: argument unused during compilation: '-fno-schedule-insns'
configure:14576: $? = 0
configure:14576: ./conftest
configure:14576: $? = 0
configure:14590: result: 8
configure:14604: checking size of long long
configure:14609: gcc -o conftest -O3 -fomit-frame-pointer -mtune=native -malign-double -fstrict-aliasing -fno-schedule-insns -ffast-math   conftest.c  >&5
clang: warning: argument unused during compilation: '-malign-double'
clang: warning: argument unused during compilation: '-fno-schedule-insns'
configure:14609: $? = 0
configure:14609: ./conftest
configure:14609: $? = 0
configure:14623: result: 8
configure:14637: checking size of unsigned long long
configure:14642: gcc -o conftest -O3 -fomit-frame-pointer -mtune=native -malign-double -fstrict-aliasing -fno-schedule-insns -ffast-math   conftest.c  >&5
clang: warning: argument unused during compilation: '-malign-double'
clang: warning: argument unused during compilation: '-fno-schedule-insns'
configure:14642: $? = 0
configure:14642: ./conftest
configure:14642: $? = 0
configure:14656: result: 8
configure:14670: checking size of size_t
configure:14675: gcc -o conftest -O3 -fomit-frame-pointer -mtune=native -malign-double -fstrict-aliasing -fno-schedule-insns -ffast-math   conftest.c  >&5
clang: warning: argument unused during compilation: '-malign-double'
clang: warning: argument unused during compilation: '-fno-schedule-insns'
configure:14675: $? = 0
configure:14675: ./conftest
configure:14675: $? = 0
configure:14689: result: 8
configure:14703: checking size of ptrdiff_t
configure:14708: gcc -o conftest -O3 -fomit-frame-pointer -mtune=native -malign-double -fstrict-aliasing -fno-schedule-insns -ffast-math   conftest.c  >&5
clang: warning: argument unused during compilation: '-malign-double'
clang: warning: argument unused during compilation: '-fno-schedule-insns'
configure:14708: $? = 0
configure:14708: ./conftest
configure:14708: $? = 0
configure:14722: result: 8
configure:14733: checking for uintptr_t
configure:14733: gcc -c -O3 -fomit-frame-pointer -mtune=native -malign-double -fstrict-aliasing -fno-schedule-insns -ffast-math  conftest.c >&5
clang: warning: argument unused during compilation: '-malign-double'
clang: warning: argument unused during compilation: '-fno-schedule-insns'
configure:14733: $? = 0
configure:14733: gcc -c -O3 -fomit-frame-pointer -mtune=native -malign-double -fstrict-aliasing -fno-schedule-insns -ffast-math  conftest.c >&5
clang: warning: argument unused during compilation: '-malign-double'
clang: warning: argument unused during compilation: '-fno-schedule-insns'
conftest.c:85:24: error: expected expression
if (sizeof ((uintptr_t)))
                       ^
1 error generated.
configure:14733: $? = 1
configure: failed program was:
| /* confdefs.h */
| #define PACKAGE_NAME "fftw"
| #define PACKAGE_TARNAME "fftw"
| #define PACKAGE_VERSION "3.3.3"
| #define PACKAGE_STRING "fftw 3.3.3"
| #define PACKAGE_BUGREPORT "fftw@fftw.org"
| #define PACKAGE_URL ""
| #define PACKAGE "fftw"
| #define VERSION "3.3.3"
| #define FFTW_ENABLE_ALLOCA 1
| #define STDC_HEADERS 1
| #define HAVE_SYS_TYPES_H 1
| #define HAVE_SYS_STAT_H 1
| #define HAVE_STDLIB_H 1
| #define HAVE_STRING_H 1
| #define HAVE_MEMORY_H 1
| #define HAVE_STRINGS_H 1
| #define HAVE_INTTYPES_H 1
| #define HAVE_STDINT_H 1
| #define HAVE_UNISTD_H 1
| #define HAVE_DLFCN_H 1
| #define LT_OBJDIR ".libs/"
| #define STDC_HEADERS 1
| #define HAVE_STDDEF_H 1
| #define HAVE_STDLIB_H 1
| #define HAVE_STRING_H 1
| #define HAVE_STRINGS_H 1
| #define HAVE_SYS_TIME_H 1
| #define HAVE_UNISTD_H 1
| #define HAVE_LIMITS_H 1
| #define HAVE_STDINT_H 1
| #define HAVE_MACH_MACH_TIME_H 1
| #define HAVE_SYS_SYSCTL_H 1
| #define TIME_WITH_SYS_TIME 1
| #define HAVE_LONG_DOUBLE 1
| #define SIZEOF_INT 4
| #define SIZEOF_UNSIGNED_INT 4
| #define SIZEOF_LONG 8
| #define SIZEOF_UNSIGNED_LONG 8
| #define SIZEOF_LONG_LONG 8
| #define SIZEOF_UNSIGNED_LONG_LONG 8
| #define SIZEOF_SIZE_T 8
| #define SIZEOF_PTRDIFF_T 8
| /* end confdefs.h.  */
| #include <stdio.h>
| #ifdef HAVE_SYS_TYPES_H
| # include <sys/types.h>
| #endif
| #ifdef HAVE_SYS_STAT_H
| # include <sys/stat.h>
| #endif
| #ifdef STDC_HEADERS
| # include <stdlib.h>
| # include <stddef.h>
| #else
| # ifdef HAVE_STDLIB_H
| #  include <stdlib.h>
| # endif
| #endif
| #ifdef HAVE_STRING_H
| # if !defined STDC_HEADERS && defined HAVE_MEMORY_H
| #  include <memory.h>
| # endif
| # include <string.h>
| #endif
| #ifdef HAVE_STRINGS_H
| # include <strings.h>
| #endif
| #ifdef HAVE_INTTYPES_H
| # include <inttypes.h>
| #endif
| #ifdef HAVE_STDINT_H
| # include <stdint.h>
| #endif
| #ifdef HAVE_UNISTD_H
| # include <unistd.h>
| #endif
| #ifdef HAVE_STDINT_H
| #  include <stdint.h>
| #endif
| 
| int
| main ()
| {
| if (sizeof ((uintptr_t)))
| 	    return 0;
|   ;
|   return 0;
| }
configure:14733: result: yes
configure:14786: checking size of float
configure:14791: gcc -o conftest -O3 -fomit-frame-pointer -mtune=native -malign-double -fstrict-aliasing -fno-schedule-insns -ffast-math   conftest.c  >&5
clang: warning: argument unused during compilation: '-malign-double'
clang: warning: argument unused during compilation: '-fno-schedule-insns'
configure:14791: $? = 0
configure:14791: ./conftest
configure:14791: $? = 0
configure:14805: result: 4
configure:14819: checking size of double
configure:14824: gcc -o conftest -O3 -fomit-frame-pointer -mtune=native -malign-double -fstrict-aliasing -fno-schedule-insns -ffast-math   conftest.c  >&5
clang: warning: argument unused during compilation: '-malign-double'
clang: warning: argument unused during compilation: '-fno-schedule-insns'
configure:14824: $? = 0
configure:14824: ./conftest
configure:14824: $? = 0
configure:14838: result: 8
configure:14853: checking size of fftw_r2r_kind
configure:14858: gcc -o conftest -O3 -fomit-frame-pointer -mtune=native -malign-double -fstrict-aliasing -fno-schedule-insns -ffast-math   conftest.c  >&5
clang: warning: argument unused during compilation: '-malign-double'
clang: warning: argument unused during compilation: '-fno-schedule-insns'
configure:14858: $? = 0
configure:14858: ./conftest
configure:14858: $? = 0
configure:14877: result: 4
configure:14893: checking for working alloca.h
configure:14910: gcc -o conftest -O3 -fomit-frame-pointer -mtune=native -malign-double -fstrict-aliasing -fno-schedule-insns -ffast-math   conftest.c  >&5
clang: warning: argument unused during compilation: '-malign-double'
clang: warning: argument unused during compilation: '-fno-schedule-insns'
configure:14910: $? = 0
configure:14918: result: yes
configure:14926: checking for alloca
configure:14963: gcc -o conftest -O3 -fomit-frame-pointer -mtune=native -malign-double -fstrict-aliasing -fno-schedule-insns -ffast-math   conftest.c  >&5
clang: warning: argument unused during compilation: '-malign-double'
clang: warning: argument unused during compilation: '-fno-schedule-insns'
configure:14963: $? = 0
configure:14971: result: yes
configure:15077: checking for working strtod
configure:15118: gcc -o conftest -O3 -fomit-frame-pointer -mtune=native -malign-double -fstrict-aliasing -fno-schedule-insns -ffast-math   conftest.c  >&5
clang: warning: argument unused during compilation: '-malign-double'
clang: warning: argument unused during compilation: '-fno-schedule-insns'
configure:15118: $? = 0
configure:15118: ./conftest
configure:15118: $? = 0
configure:15128: result: yes
configure:15192: checking for vprintf
configure:15192: gcc -o conftest -O3 -fomit-frame-pointer -mtune=native -malign-double -fstrict-aliasing -fno-schedule-insns -ffast-math   conftest.c  >&5
clang: warning: argument unused during compilation: '-malign-double'
clang: warning: argument unused during compilation: '-fno-schedule-insns'
conftest.c:74:6: warning: incompatible redeclaration of library function 'vprintf' [-Wincompatible-library-redeclaration]
char vprintf ();
     ^
conftest.c:74:6: note: 'vprintf' is a builtin with type 'int (const char *, __va_list_tag *)'
1 warning generated.
configure:15192: $? = 0
configure:15192: result: yes
configure:15198: checking for _doprnt
configure:15198: gcc -o conftest -O3 -fomit-frame-pointer -mtune=native -malign-double -fstrict-aliasing -fno-schedule-insns -ffast-math   conftest.c  >&5
clang: warning: argument unused during compilation: '-malign-double'
clang: warning: argument unused during compilation: '-fno-schedule-insns'
Undefined symbols for architecture x86_64:
  "__doprnt", referenced from:
      _main in conftest-9irpsu.o
ld: symbol(s) not found for architecture x86_64
clang: error: linker command failed with exit code 1 (use -v to see invocation)
configure:15198: $? = 1
configure: failed program was:
| /* confdefs.h */
| #define PACKAGE_NAME "fftw"
| #define PACKAGE_TARNAME "fftw"
| #define PACKAGE_VERSION "3.3.3"
| #define PACKAGE_STRING "fftw 3.3.3"
| #define PACKAGE_BUGREPORT "fftw@fftw.org"
| #define PACKAGE_URL ""
| #define PACKAGE "fftw"
| #define VERSION "3.3.3"
| #define FFTW_ENABLE_ALLOCA 1
| #define STDC_HEADERS 1
| #define HAVE_SYS_TYPES_H 1
| #define HAVE_SYS_STAT_H 1
| #define HAVE_STDLIB_H 1
| #define HAVE_STRING_H 1
| #define HAVE_MEMORY_H 1
| #define HAVE_STRINGS_H 1
| #define HAVE_INTTYPES_H 1
| #define HAVE_STDINT_H 1
| #define HAVE_UNISTD_H 1
| #define HAVE_DLFCN_H 1
| #define LT_OBJDIR ".libs/"
| #define STDC_HEADERS 1
| #define HAVE_STDDEF_H 1
| #define HAVE_STDLIB_H 1
| #define HAVE_STRING_H 1
| #define HAVE_STRINGS_H 1
| #define HAVE_SYS_TIME_H 1
| #define HAVE_UNISTD_H 1
| #define HAVE_LIMITS_H 1
| #define HAVE_STDINT_H 1
| #define HAVE_MACH_MACH_TIME_H 1
| #define HAVE_SYS_SYSCTL_H 1
| #define TIME_WITH_SYS_TIME 1
| #define HAVE_LONG_DOUBLE 1
| #define SIZEOF_INT 4
| #define SIZEOF_UNSIGNED_INT 4
| #define SIZEOF_LONG 8
| #define SIZEOF_UNSIGNED_LONG 8
| #define SIZEOF_LONG_LONG 8
| #define SIZEOF_UNSIGNED_LONG_LONG 8
| #define SIZEOF_SIZE_T 8
| #define SIZEOF_PTRDIFF_T 8
| #define HAVE_UINTPTR_T 1
| #define SIZEOF_FLOAT 4
| #define SIZEOF_DOUBLE 8
| #define SIZEOF_FFTW_R2R_KIND 4
| #define HAVE_ALLOCA_H 1
| #define HAVE_ALLOCA 1
| #define HAVE_VPRINTF 1
| /* end confdefs.h.  */
| /* Define _doprnt to an innocuous variant, in case <limits.h> declares _doprnt.
|    For example, HP-UX 11i <limits.h> declares gettimeofday.  */
| #define _doprnt innocuous__doprnt
| 
| /* System header to define __stub macros and hopefully few prototypes,
|     which can conflict with char _doprnt (); below.
|     Prefer <limits.h> to <assert.h> if __STDC__ is defined, since
|     <limits.h> exists even on freestanding compilers.  */
| 
| #ifdef __STDC__
| # include <limits.h>
| #else
| # include <assert.h>
| #endif
| 
| #undef _doprnt
| 
| /* Override any GCC internal prototype to avoid an error.
|    Use char because int might match the return type of a GCC
|    builtin and then its argument prototype would still apply.  */
| #ifdef __cplusplus
| extern "C"
| #endif
| char _doprnt ();
| /* The GNU C library defines this for functions which it implements
|     to always fail with ENOSYS.  Some functions are actually named
|     something starting with __ and the normal name is an alias.  */
| #if defined __stub__doprnt || defined __stub____doprnt
| choke me
| #endif
| 
| int
| main ()
| {
| return _doprnt ();
|   ;
|   return 0;
| }
configure:15198: result: no
configure:15209: checking for sin in -lm
configure:15234: gcc -o conftest -O3 -fomit-frame-pointer -mtune=native -malign-double -fstrict-aliasing -fno-schedule-insns -ffast-math   conftest.c -lm   >&5
conftest.c:59:6: warning: incompatible redeclaration of library function 'sin' [-Wincompatible-library-redeclaration]
char sin ();
     ^
conftest.c:59:6: note: 'sin' is a builtin with type 'double (double)'
1 warning generated.
configure:15234: $? = 0
configure:15243: result: yes
configure:15348: checking for BSDgettimeofday
configure:15348: gcc -o conftest -O3 -fomit-frame-pointer -mtune=native -malign-double -fstrict-aliasing -fno-schedule-insns -ffast-math   conftest.c -lm  >&5
Undefined symbols for architecture x86_64:
  "_BSDgettimeofday", referenced from:
      _main in conftest-VvMatH.o
ld: symbol(s) not found for architecture x86_64
clang: error: linker command failed with exit code 1 (use -v to see invocation)
configure:15348: $? = 1
configure: failed program was:
| /* confdefs.h */
| #define PACKAGE_NAME "fftw"
| #define PACKAGE_TARNAME "fftw"
| #define PACKAGE_VERSION "3.3.3"
| #define PACKAGE_STRING "fftw 3.3.3"
| #define PACKAGE_BUGREPORT "fftw@fftw.org"
| #define PACKAGE_URL ""
| #define PACKAGE "fftw"
| #define VERSION "3.3.3"
| #define FFTW_ENABLE_ALLOCA 1
| #define STDC_HEADERS 1
| #define HAVE_SYS_TYPES_H 1
| #define HAVE_SYS_STAT_H 1
| #define HAVE_STDLIB_H 1
| #define HAVE_STRING_H 1
| #define HAVE_MEMORY_H 1
| #define HAVE_STRINGS_H 1
| #define HAVE_INTTYPES_H 1
| #define HAVE_STDINT_H 1
| #define HAVE_UNISTD_H 1
| #define HAVE_DLFCN_H 1
| #define LT_OBJDIR ".libs/"
| #define STDC_HEADERS 1
| #define HAVE_STDDEF_H 1
| #define HAVE_STDLIB_H 1
| #define HAVE_STRING_H 1
| #define HAVE_STRINGS_H 1
| #define HAVE_SYS_TIME_H 1
| #define HAVE_UNISTD_H 1
| #define HAVE_LIMITS_H 1
| #define HAVE_STDINT_H 1
| #define HAVE_MACH_MACH_TIME_H 1
| #define HAVE_SYS_SYSCTL_H 1
| #define TIME_WITH_SYS_TIME 1
| #define HAVE_LONG_DOUBLE 1
| #define SIZEOF_INT 4
| #define SIZEOF_UNSIGNED_INT 4
| #define SIZEOF_LONG 8
| #define SIZEOF_UNSIGNED_LONG 8
| #define SIZEOF_LONG_LONG 8
| #define SIZEOF_UNSIGNED_LONG_LONG 8
| #define SIZEOF_SIZE_T 8
| #define SIZEOF_PTRDIFF_T 8
| #define HAVE_UINTPTR_T 1
| #define SIZEOF_FLOAT 4
| #define SIZEOF_DOUBLE 8
| #define SIZEOF_FFTW_R2R_KIND 4
| #define HAVE_ALLOCA_H 1
| #define HAVE_ALLOCA 1
| #define HAVE_VPRINTF 1
| #define HAVE_LIBM 1
| /* end confdefs.h.  */
| /* Define BSDgettimeofday to an innocuous variant, in case <limits.h> declares BSDgettimeofday.
|    For example, HP-UX 11i <limits.h> declares gettimeofday.  */
| #define BSDgettimeofday innocuous_BSDgettimeofday
| 
| /* System header to define __stub macros and hopefully few prototypes,
|     which can conflict with char BSDgettimeofday (); below.
|     Prefer <limits.h> to <assert.h> if __STDC__ is defined, since
|     <limits.h> exists even on freestanding compilers.  */
| 
| #ifdef __STDC__
| # include <limits.h>
| #else
| # include <assert.h>
| #endif
| 
| #undef BSDgettimeofday
| 
| /* Override any GCC internal prototype to avoid an error.
|    Use char because int might match the return type of a GCC
|    builtin and then its argument prototype would still apply.  */
| #ifdef __cplusplus
| extern "C"
| #endif
| char BSDgettimeofday ();
| /* The GNU C library defines this for functions which it implements
|     to always fail with ENOSYS.  Some functions are actually named
|     something starting with __ and the normal name is an alias.  */
| #if defined __stub_BSDgettimeofday || defined __stub___BSDgettimeofday
| choke me
| #endif
| 
| int
| main ()
| {
| return BSDgettimeofday ();
|   ;
|   return 0;
| }
configure:15348: result: no
configure:15348: checking for gettimeofday
configure:15348: gcc -o conftest -O3 -fomit-frame-pointer -mtune=native -malign-double -fstrict-aliasing -fno-schedule-insns -ffast-math   conftest.c -lm  >&5
configure:15348: $? = 0
configure:15348: result: yes
configure:15348: checking for gethrtime
configure:15348: gcc -o conftest -O3 -fomit-frame-pointer -mtune=native -malign-double -fstrict-aliasing -fno-schedule-insns -ffast-math   conftest.c -lm  >&5
Undefined symbols for architecture x86_64:
  "_gethrtime", referenced from:
      _main in conftest-u8k0KT.o
ld: symbol(s) not found for architecture x86_64
clang: error: linker command failed with exit code 1 (use -v to see invocation)
configure:15348: $? = 1
configure: failed program was:
| /* confdefs.h */
| #define PACKAGE_NAME "fftw"
| #define PACKAGE_TARNAME "fftw"
| #define PACKAGE_VERSION "3.3.3"
| #define PACKAGE_STRING "fftw 3.3.3"
| #define PACKAGE_BUGREPORT "fftw@fftw.org"
| #define PACKAGE_URL ""
| #define PACKAGE "fftw"
| #define VERSION "3.3.3"
| #define FFTW_ENABLE_ALLOCA 1
| #define STDC_HEADERS 1
| #define HAVE_SYS_TYPES_H 1
| #define HAVE_SYS_STAT_H 1
| #define HAVE_STDLIB_H 1
| #define HAVE_STRING_H 1
| #define HAVE_MEMORY_H 1
| #define HAVE_STRINGS_H 1
| #define HAVE_INTTYPES_H 1
| #define HAVE_STDINT_H 1
| #define HAVE_UNISTD_H 1
| #define HAVE_DLFCN_H 1
| #define LT_OBJDIR ".libs/"
| #define STDC_HEADERS 1
| #define HAVE_STDDEF_H 1
| #define HAVE_STDLIB_H 1
| #define HAVE_STRING_H 1
| #define HAVE_STRINGS_H 1
| #define HAVE_SYS_TIME_H 1
| #define HAVE_UNISTD_H 1
| #define HAVE_LIMITS_H 1
| #define HAVE_STDINT_H 1
| #define HAVE_MACH_MACH_TIME_H 1
| #define HAVE_SYS_SYSCTL_H 1
| #define TIME_WITH_SYS_TIME 1
| #define HAVE_LONG_DOUBLE 1
| #define SIZEOF_INT 4
| #define SIZEOF_UNSIGNED_INT 4
| #define SIZEOF_LONG 8
| #define SIZEOF_UNSIGNED_LONG 8
| #define SIZEOF_LONG_LONG 8
| #define SIZEOF_UNSIGNED_LONG_LONG 8
| #define SIZEOF_SIZE_T 8
| #define SIZEOF_PTRDIFF_T 8
| #define HAVE_UINTPTR_T 1
| #define SIZEOF_FLOAT 4
| #define SIZEOF_DOUBLE 8
| #define SIZEOF_FFTW_R2R_KIND 4
| #define HAVE_ALLOCA_H 1
| #define HAVE_ALLOCA 1
| #define HAVE_VPRINTF 1
| #define HAVE_LIBM 1
| #define HAVE_GETTIMEOFDAY 1
| /* end confdefs.h.  */
| /* Define gethrtime to an innocuous variant, in case <limits.h> declares gethrtime.
|    For example, HP-UX 11i <limits.h> declares gettimeofday.  */
| #define gethrtime innocuous_gethrtime
| 
| /* System header to define __stub macros and hopefully few prototypes,
|     which can conflict with char gethrtime (); below.
|     Prefer <limits.h> to <assert.h> if __STDC__ is defined, since
|     <limits.h> exists even on freestanding compilers.  */
| 
| #ifdef __STDC__
| # include <limits.h>
| #else
| # include <assert.h>
| #endif
| 
| #undef gethrtime
| 
| /* Override any GCC internal prototype to avoid an error.
|    Use char because int might match the return type of a GCC
|    builtin and then its argument prototype would still apply.  */
| #ifdef __cplusplus
| extern "C"
| #endif
| char gethrtime ();
| /* The GNU C library defines this for functions which it implements
|     to always fail with ENOSYS.  Some functions are actually named
|     something starting with __ and the normal name is an alias.  */
| #if defined __stub_gethrtime || defined __stub___gethrtime
| choke me
| #endif
| 
| int
| main ()
| {
| return gethrtime ();
|   ;
|   return 0;
| }
configure:15348: result: no
configure:15348: checking for read_real_time
configure:15348: gcc -o conftest -O3 -fomit-frame-pointer -mtune=native -malign-double -fstrict-aliasing -fno-schedule-insns -ffast-math   conftest.c -lm  >&5
Undefined symbols for architecture x86_64:
  "_read_real_time", referenced from:
      _main in conftest-ku90vG.o
ld: symbol(s) not found for architecture x86_64
clang: error: linker command failed with exit code 1 (use -v to see invocation)
configure:15348: $? = 1
configure: failed program was:
| /* confdefs.h */
| #define PACKAGE_NAME "fftw"
| #define PACKAGE_TARNAME "fftw"
| #define PACKAGE_VERSION "3.3.3"
| #define PACKAGE_STRING "fftw 3.3.3"
| #define PACKAGE_BUGREPORT "fftw@fftw.org"
| #define PACKAGE_URL ""
| #define PACKAGE "fftw"
| #define VERSION "3.3.3"
| #define FFTW_ENABLE_ALLOCA 1
| #define STDC_HEADERS 1
| #define HAVE_SYS_TYPES_H 1
| #define HAVE_SYS_STAT_H 1
| #define HAVE_STDLIB_H 1
| #define HAVE_STRING_H 1
| #define HAVE_MEMORY_H 1
| #define HAVE_STRINGS_H 1
| #define HAVE_INTTYPES_H 1
| #define HAVE_STDINT_H 1
| #define HAVE_UNISTD_H 1
| #define HAVE_DLFCN_H 1
| #define LT_OBJDIR ".libs/"
| #define STDC_HEADERS 1
| #define HAVE_STDDEF_H 1
| #define HAVE_STDLIB_H 1
| #define HAVE_STRING_H 1
| #define HAVE_STRINGS_H 1
| #define HAVE_SYS_TIME_H 1
| #define HAVE_UNISTD_H 1
| #define HAVE_LIMITS_H 1
| #define HAVE_STDINT_H 1
| #define HAVE_MACH_MACH_TIME_H 1
| #define HAVE_SYS_SYSCTL_H 1
| #define TIME_WITH_SYS_TIME 1
| #define HAVE_LONG_DOUBLE 1
| #define SIZEOF_INT 4
| #define SIZEOF_UNSIGNED_INT 4
| #define SIZEOF_LONG 8
| #define SIZEOF_UNSIGNED_LONG 8
| #define SIZEOF_LONG_LONG 8
| #define SIZEOF_UNSIGNED_LONG_LONG 8
| #define SIZEOF_SIZE_T 8
| #define SIZEOF_PTRDIFF_T 8
| #define HAVE_UINTPTR_T 1
| #define SIZEOF_FLOAT 4
| #define SIZEOF_DOUBLE 8
| #define SIZEOF_FFTW_R2R_KIND 4
| #define HAVE_ALLOCA_H 1
| #define HAVE_ALLOCA 1
| #define HAVE_VPRINTF 1
| #define HAVE_LIBM 1
| #define HAVE_GETTIMEOFDAY 1
| /* end confdefs.h.  */
| /* Define read_real_time to an innocuous variant, in case <limits.h> declares read_real_time.
|    For example, HP-UX 11i <limits.h> declares gettimeofday.  */
| #define read_real_time innocuous_read_real_time
| 
| /* System header to define __stub macros and hopefully few prototypes,
|     which can conflict with char read_real_time (); below.
|     Prefer <limits.h> to <assert.h> if __STDC__ is defined, since
|     <limits.h> exists even on freestanding compilers.  */
| 
| #ifdef __STDC__
| # include <limits.h>
| #else
| # include <assert.h>
| #endif
| 
| #undef read_real_time
| 
| /* Override any GCC internal prototype to avoid an error.
|    Use char because int might match the return type of a GCC
|    builtin and then its argument prototype would still apply.  */
| #ifdef __cplusplus
| extern "C"
| #endif
| char read_real_time ();
| /* The GNU C library defines this for functions which it implements
|     to always fail with ENOSYS.  Some functions are actually named
|     something starting with __ and the normal name is an alias.  */
| #if defined __stub_read_real_time || defined __stub___read_real_time
| choke me
| #endif
| 
| int
| main ()
| {
| return read_real_time ();
|   ;
|   return 0;
| }
configure:15348: result: no
configure:15348: checking for time_base_to_time
configure:15348: gcc -o conftest -O3 -fomit-frame-pointer -mtune=native -malign-double -fstrict-aliasing -fno-schedule-insns -ffast-math   conftest.c -lm  >&5
Undefined symbols for architecture x86_64:
  "_time_base_to_time", referenced from:
      _main in conftest-pXa5gs.o
ld: symbol(s) not found for architecture x86_64
clang: error: linker command failed with exit code 1 (use -v to see invocation)
configure:15348: $? = 1
configure: failed program was:
| /* confdefs.h */
| #define PACKAGE_NAME "fftw"
| #define PACKAGE_TARNAME "fftw"
| #define PACKAGE_VERSION "3.3.3"
| #define PACKAGE_STRING "fftw 3.3.3"
| #define PACKAGE_BUGREPORT "fftw@fftw.org"
| #define PACKAGE_URL ""
| #define PACKAGE "fftw"
| #define VERSION "3.3.3"
| #define FFTW_ENABLE_ALLOCA 1
| #define STDC_HEADERS 1
| #define HAVE_SYS_TYPES_H 1
| #define HAVE_SYS_STAT_H 1
| #define HAVE_STDLIB_H 1
| #define HAVE_STRING_H 1
| #define HAVE_MEMORY_H 1
| #define HAVE_STRINGS_H 1
| #define HAVE_INTTYPES_H 1
| #define HAVE_STDINT_H 1
| #define HAVE_UNISTD_H 1
| #define HAVE_DLFCN_H 1
| #define LT_OBJDIR ".libs/"
| #define STDC_HEADERS 1
| #define HAVE_STDDEF_H 1
| #define HAVE_STDLIB_H 1
| #define HAVE_STRING_H 1
| #define HAVE_STRINGS_H 1
| #define HAVE_SYS_TIME_H 1
| #define HAVE_UNISTD_H 1
| #define HAVE_LIMITS_H 1
| #define HAVE_STDINT_H 1
| #define HAVE_MACH_MACH_TIME_H 1
| #define HAVE_SYS_SYSCTL_H 1
| #define TIME_WITH_SYS_TIME 1
| #define HAVE_LONG_DOUBLE 1
| #define SIZEOF_INT 4
| #define SIZEOF_UNSIGNED_INT 4
| #define SIZEOF_LONG 8
| #define SIZEOF_UNSIGNED_LONG 8
| #define SIZEOF_LONG_LONG 8
| #define SIZEOF_UNSIGNED_LONG_LONG 8
| #define SIZEOF_SIZE_T 8
| #define SIZEOF_PTRDIFF_T 8
| #define HAVE_UINTPTR_T 1
| #define SIZEOF_FLOAT 4
| #define SIZEOF_DOUBLE 8
| #define SIZEOF_FFTW_R2R_KIND 4
| #define HAVE_ALLOCA_H 1
| #define HAVE_ALLOCA 1
| #define HAVE_VPRINTF 1
| #define HAVE_LIBM 1
| #define HAVE_GETTIMEOFDAY 1
| /* end confdefs.h.  */
| /* Define time_base_to_time to an innocuous variant, in case <limits.h> declares time_base_to_time.
|    For example, HP-UX 11i <limits.h> declares gettimeofday.  */
| #define time_base_to_time innocuous_time_base_to_time
| 
| /* System header to define __stub macros and hopefully few prototypes,
|     which can conflict with char time_base_to_time (); below.
|     Prefer <limits.h> to <assert.h> if __STDC__ is defined, since
|     <limits.h> exists even on freestanding compilers.  */
| 
| #ifdef __STDC__
| # include <limits.h>
| #else
| # include <assert.h>
| #endif
| 
| #undef time_base_to_time
| 
| /* Override any GCC internal prototype to avoid an error.
|    Use char because int might match the return type of a GCC
|    builtin and then its argument prototype would still apply.  */
| #ifdef __cplusplus
| extern "C"
| #endif
| char time_base_to_time ();
| /* The GNU C library defines this for functions which it implements
|     to always fail with ENOSYS.  Some functions are actually named
|     something starting with __ and the normal name is an alias.  */
| #if defined __stub_time_base_to_time || defined __stub___time_base_to_time
| choke me
| #endif
| 
| int
| main ()
| {
| return time_base_to_time ();
|   ;
|   return 0;
| }
configure:15348: result: no
configure:15348: checking for drand48
configure:15348: gcc -o conftest -O3 -fomit-frame-pointer -mtune=native -malign-double -fstrict-aliasing -fno-schedule-insns -ffast-math   conftest.c -lm  >&5
configure:15348: $? = 0
configure:15348: result: yes
configure:15348: checking for sqrt
configure:15348: gcc -o conftest -O3 -fomit-frame-pointer -mtune=native -malign-double -fstrict-aliasing -fno-schedule-insns -ffast-math   conftest.c -lm  >&5
conftest.c:78:6: warning: incompatible redeclaration of library function 'sqrt' [-Wincompatible-library-redeclaration]
char sqrt ();
     ^
conftest.c:78:6: note: 'sqrt' is a builtin with type 'double (double)'
1 warning generated.
configure:15348: $? = 0
configure:15348: result: yes
configure:15348: checking for memset
configure:15348: gcc -o conftest -O3 -fomit-frame-pointer -mtune=native -malign-double -fstrict-aliasing -fno-schedule-insns -ffast-math   conftest.c -lm  >&5
conftest.c:79:6: warning: incompatible redeclaration of library function 'memset' [-Wincompatible-library-redeclaration]
char memset ();
     ^
conftest.c:79:6: note: 'memset' is a builtin with type 'void *(void *, int, unsigned long)'
1 warning generated.
configure:15348: $? = 0
configure:15348: result: yes
configure:15348: checking for posix_memalign
configure:15348: gcc -o conftest -O3 -fomit-frame-pointer -mtune=native -malign-double -fstrict-aliasing -fno-schedule-insns -ffast-math   conftest.c -lm  >&5
configure:15348: $? = 0
configure:15348: result: yes
configure:15348: checking for memalign
configure:15348: gcc -o conftest -O3 -fomit-frame-pointer -mtune=native -malign-double -fstrict-aliasing -fno-schedule-insns -ffast-math   conftest.c -lm  >&5
Undefined symbols for architecture x86_64:
  "_memalign", referenced from:
      _main in conftest-UwYmUh.o
ld: symbol(s) not found for architecture x86_64
clang: error: linker command failed with exit code 1 (use -v to see invocation)
configure:15348: $? = 1
configure: failed program was:
| /* confdefs.h */
| #define PACKAGE_NAME "fftw"
| #define PACKAGE_TARNAME "fftw"
| #define PACKAGE_VERSION "3.3.3"
| #define PACKAGE_STRING "fftw 3.3.3"
| #define PACKAGE_BUGREPORT "fftw@fftw.org"
| #define PACKAGE_URL ""
| #define PACKAGE "fftw"
| #define VERSION "3.3.3"
| #define FFTW_ENABLE_ALLOCA 1
| #define STDC_HEADERS 1
| #define HAVE_SYS_TYPES_H 1
| #define HAVE_SYS_STAT_H 1
| #define HAVE_STDLIB_H 1
| #define HAVE_STRING_H 1
| #define HAVE_MEMORY_H 1
| #define HAVE_STRINGS_H 1
| #define HAVE_INTTYPES_H 1
| #define HAVE_STDINT_H 1
| #define HAVE_UNISTD_H 1
| #define HAVE_DLFCN_H 1
| #define LT_OBJDIR ".libs/"
| #define STDC_HEADERS 1
| #define HAVE_STDDEF_H 1
| #define HAVE_STDLIB_H 1
| #define HAVE_STRING_H 1
| #define HAVE_STRINGS_H 1
| #define HAVE_SYS_TIME_H 1
| #define HAVE_UNISTD_H 1
| #define HAVE_LIMITS_H 1
| #define HAVE_STDINT_H 1
| #define HAVE_MACH_MACH_TIME_H 1
| #define HAVE_SYS_SYSCTL_H 1
| #define TIME_WITH_SYS_TIME 1
| #define HAVE_LONG_DOUBLE 1
| #define SIZEOF_INT 4
| #define SIZEOF_UNSIGNED_INT 4
| #define SIZEOF_LONG 8
| #define SIZEOF_UNSIGNED_LONG 8
| #define SIZEOF_LONG_LONG 8
| #define SIZEOF_UNSIGNED_LONG_LONG 8
| #define SIZEOF_SIZE_T 8
| #define SIZEOF_PTRDIFF_T 8
| #define HAVE_UINTPTR_T 1
| #define SIZEOF_FLOAT 4
| #define SIZEOF_DOUBLE 8
| #define SIZEOF_FFTW_R2R_KIND 4
| #define HAVE_ALLOCA_H 1
| #define HAVE_ALLOCA 1
| #define HAVE_VPRINTF 1
| #define HAVE_LIBM 1
| #define HAVE_GETTIMEOFDAY 1
| #define HAVE_DRAND48 1
| #define HAVE_SQRT 1
| #define HAVE_MEMSET 1
| #define HAVE_POSIX_MEMALIGN 1
| /* end confdefs.h.  */
| /* Define memalign to an innocuous variant, in case <limits.h> declares memalign.
|    For example, HP-UX 11i <limits.h> declares gettimeofday.  */
| #define memalign innocuous_memalign
| 
| /* System header to define __stub macros and hopefully few prototypes,
|     which can conflict with char memalign (); below.
|     Prefer <limits.h> to <assert.h> if __STDC__ is defined, since
|     <limits.h> exists even on freestanding compilers.  */
| 
| #ifdef __STDC__
| # include <limits.h>
| #else
| # include <assert.h>
| #endif
| 
| #undef memalign
| 
| /* Override any GCC internal prototype to avoid an error.
|    Use char because int might match the return type of a GCC
|    builtin and then its argument prototype would still apply.  */
| #ifdef __cplusplus
| extern "C"
| #endif
| char memalign ();
| /* The GNU C library defines this for functions which it implements
|     to always fail with ENOSYS.  Some functions are actually named
|     something starting with __ and the normal name is an alias.  */
| #if defined __stub_memalign || defined __stub___memalign
| choke me
| #endif
| 
| int
| main ()
| {
| return memalign ();
|   ;
|   return 0;
| }
configure:15348: result: no
configure:15348: checking for _mm_malloc
configure:15348: gcc -o conftest -O3 -fomit-frame-pointer -mtune=native -malign-double -fstrict-aliasing -fno-schedule-insns -ffast-math   conftest.c -lm  >&5
Undefined symbols for architecture x86_64:
  "__mm_malloc", referenced from:
      _main in conftest-j8699x.o
ld: symbol(s) not found for architecture x86_64
clang: error: linker command failed with exit code 1 (use -v to see invocation)
configure:15348: $? = 1
configure: failed program was:
| /* confdefs.h */
| #define PACKAGE_NAME "fftw"
| #define PACKAGE_TARNAME "fftw"
| #define PACKAGE_VERSION "3.3.3"
| #define PACKAGE_STRING "fftw 3.3.3"
| #define PACKAGE_BUGREPORT "fftw@fftw.org"
| #define PACKAGE_URL ""
| #define PACKAGE "fftw"
| #define VERSION "3.3.3"
| #define FFTW_ENABLE_ALLOCA 1
| #define STDC_HEADERS 1
| #define HAVE_SYS_TYPES_H 1
| #define HAVE_SYS_STAT_H 1
| #define HAVE_STDLIB_H 1
| #define HAVE_STRING_H 1
| #define HAVE_MEMORY_H 1
| #define HAVE_STRINGS_H 1
| #define HAVE_INTTYPES_H 1
| #define HAVE_STDINT_H 1
| #define HAVE_UNISTD_H 1
| #define HAVE_DLFCN_H 1
| #define LT_OBJDIR ".libs/"
| #define STDC_HEADERS 1
| #define HAVE_STDDEF_H 1
| #define HAVE_STDLIB_H 1
| #define HAVE_STRING_H 1
| #define HAVE_STRINGS_H 1
| #define HAVE_SYS_TIME_H 1
| #define HAVE_UNISTD_H 1
| #define HAVE_LIMITS_H 1
| #define HAVE_STDINT_H 1
| #define HAVE_MACH_MACH_TIME_H 1
| #define HAVE_SYS_SYSCTL_H 1
| #define TIME_WITH_SYS_TIME 1
| #define HAVE_LONG_DOUBLE 1
| #define SIZEOF_INT 4
| #define SIZEOF_UNSIGNED_INT 4
| #define SIZEOF_LONG 8
| #define SIZEOF_UNSIGNED_LONG 8
| #define SIZEOF_LONG_LONG 8
| #define SIZEOF_UNSIGNED_LONG_LONG 8
| #define SIZEOF_SIZE_T 8
| #define SIZEOF_PTRDIFF_T 8
| #define HAVE_UINTPTR_T 1
| #define SIZEOF_FLOAT 4
| #define SIZEOF_DOUBLE 8
| #define SIZEOF_FFTW_R2R_KIND 4
| #define HAVE_ALLOCA_H 1
| #define HAVE_ALLOCA 1
| #define HAVE_VPRINTF 1
| #define HAVE_LIBM 1
| #define HAVE_GETTIMEOFDAY 1
| #define HAVE_DRAND48 1
| #define HAVE_SQRT 1
| #define HAVE_MEMSET 1
| #define HAVE_POSIX_MEMALIGN 1
| /* end confdefs.h.  */
| /* Define _mm_malloc to an innocuous variant, in case <limits.h> declares _mm_malloc.
|    For example, HP-UX 11i <limits.h> declares gettimeofday.  */
| #define _mm_malloc innocuous__mm_malloc
| 
| /* System header to define __stub macros and hopefully few prototypes,
|     which can conflict with char _mm_malloc (); below.
|     Prefer <limits.h> to <assert.h> if __STDC__ is defined, since
|     <limits.h> exists even on freestanding compilers.  */
| 
| #ifdef __STDC__
| # include <limits.h>
| #else
| # include <assert.h>
| #endif
| 
| #undef _mm_malloc
| 
| /* Override any GCC internal prototype to avoid an error.
|    Use char because int might match the return type of a GCC
|    builtin and then its argument prototype would still apply.  */
| #ifdef __cplusplus
| extern "C"
| #endif
| char _mm_malloc ();
| /* The GNU C library defines this for functions which it implements
|     to always fail with ENOSYS.  Some functions are actually named
|     something starting with __ and the normal name is an alias.  */
| #if defined __stub__mm_malloc || defined __stub____mm_malloc
| choke me
| #endif
| 
| int
| main ()
| {
| return _mm_malloc ();
|   ;
|   return 0;
| }
configure:15348: result: no
configure:15348: checking for _mm_free
configure:15348: gcc -o conftest -O3 -fomit-frame-pointer -mtune=native -malign-double -fstrict-aliasing -fno-schedule-insns -ffast-math   conftest.c -lm  >&5
Undefined symbols for architecture x86_64:
  "__mm_free", referenced from:
      _main in conftest-xN2XkR.o
ld: symbol(s) not found for architecture x86_64
clang: error: linker command failed with exit code 1 (use -v to see invocation)
configure:15348: $? = 1
configure: failed program was:
| /* confdefs.h */
| #define PACKAGE_NAME "fftw"
| #define PACKAGE_TARNAME "fftw"
| #define PACKAGE_VERSION "3.3.3"
| #define PACKAGE_STRING "fftw 3.3.3"
| #define PACKAGE_BUGREPORT "fftw@fftw.org"
| #define PACKAGE_URL ""
| #define PACKAGE "fftw"
| #define VERSION "3.3.3"
| #define FFTW_ENABLE_ALLOCA 1
| #define STDC_HEADERS 1
| #define HAVE_SYS_TYPES_H 1
| #define HAVE_SYS_STAT_H 1
| #define HAVE_STDLIB_H 1
| #define HAVE_STRING_H 1
| #define HAVE_MEMORY_H 1
| #define HAVE_STRINGS_H 1
| #define HAVE_INTTYPES_H 1
| #define HAVE_STDINT_H 1
| #define HAVE_UNISTD_H 1
| #define HAVE_DLFCN_H 1
| #define LT_OBJDIR ".libs/"
| #define STDC_HEADERS 1
| #define HAVE_STDDEF_H 1
| #define HAVE_STDLIB_H 1
| #define HAVE_STRING_H 1
| #define HAVE_STRINGS_H 1
| #define HAVE_SYS_TIME_H 1
| #define HAVE_UNISTD_H 1
| #define HAVE_LIMITS_H 1
| #define HAVE_STDINT_H 1
| #define HAVE_MACH_MACH_TIME_H 1
| #define HAVE_SYS_SYSCTL_H 1
| #define TIME_WITH_SYS_TIME 1
| #define HAVE_LONG_DOUBLE 1
| #define SIZEOF_INT 4
| #define SIZEOF_UNSIGNED_INT 4
| #define SIZEOF_LONG 8
| #define SIZEOF_UNSIGNED_LONG 8
| #define SIZEOF_LONG_LONG 8
| #define SIZEOF_UNSIGNED_LONG_LONG 8
| #define SIZEOF_SIZE_T 8
| #define SIZEOF_PTRDIFF_T 8
| #define HAVE_UINTPTR_T 1
| #define SIZEOF_FLOAT 4
| #define SIZEOF_DOUBLE 8
| #define SIZEOF_FFTW_R2R_KIND 4
| #define HAVE_ALLOCA_H 1
| #define HAVE_ALLOCA 1
| #define HAVE_VPRINTF 1
| #define HAVE_LIBM 1
| #define HAVE_GETTIMEOFDAY 1
| #define HAVE_DRAND48 1
| #define HAVE_SQRT 1
| #define HAVE_MEMSET 1
| #define HAVE_POSIX_MEMALIGN 1
| /* end confdefs.h.  */
| /* Define _mm_free to an innocuous variant, in case <limits.h> declares _mm_free.
|    For example, HP-UX 11i <limits.h> declares gettimeofday.  */
| #define _mm_free innocuous__mm_free
| 
| /* System header to define __stub macros and hopefully few prototypes,
|     which can conflict with char _mm_free (); below.
|     Prefer <limits.h> to <assert.h> if __STDC__ is defined, since
|     <limits.h> exists even on freestanding compilers.  */
| 
| #ifdef __STDC__
| # include <limits.h>
| #else
| # include <assert.h>
| #endif
| 
| #undef _mm_free
| 
| /* Override any GCC internal prototype to avoid an error.
|    Use char because int might match the return type of a GCC
|    builtin and then its argument prototype would still apply.  */
| #ifdef __cplusplus
| extern "C"
| #endif
| char _mm_free ();
| /* The GNU C library defines this for functions which it implements
|     to always fail with ENOSYS.  Some functions are actually named
|     something starting with __ and the normal name is an alias.  */
| #if defined __stub__mm_free || defined __stub____mm_free
| choke me
| #endif
| 
| int
| main ()
| {
| return _mm_free ();
|   ;
|   return 0;
| }
configure:15348: result: no
configure:15348: checking for clock_gettime
configure:15348: gcc -o conftest -O3 -fomit-frame-pointer -mtune=native -malign-double -fstrict-aliasing -fno-schedule-insns -ffast-math   conftest.c -lm  >&5
Undefined symbols for architecture x86_64:
  "_clock_gettime", referenced from:
      _main in conftest-NA1m1D.o
ld: symbol(s) not found for architecture x86_64
clang: error: linker command failed with exit code 1 (use -v to see invocation)
configure:15348: $? = 1
configure: failed program was:
| /* confdefs.h */
| #define PACKAGE_NAME "fftw"
| #define PACKAGE_TARNAME "fftw"
| #define PACKAGE_VERSION "3.3.3"
| #define PACKAGE_STRING "fftw 3.3.3"
| #define PACKAGE_BUGREPORT "fftw@fftw.org"
| #define PACKAGE_URL ""
| #define PACKAGE "fftw"
| #define VERSION "3.3.3"
| #define FFTW_ENABLE_ALLOCA 1
| #define STDC_HEADERS 1
| #define HAVE_SYS_TYPES_H 1
| #define HAVE_SYS_STAT_H 1
| #define HAVE_STDLIB_H 1
| #define HAVE_STRING_H 1
| #define HAVE_MEMORY_H 1
| #define HAVE_STRINGS_H 1
| #define HAVE_INTTYPES_H 1
| #define HAVE_STDINT_H 1
| #define HAVE_UNISTD_H 1
| #define HAVE_DLFCN_H 1
| #define LT_OBJDIR ".libs/"
| #define STDC_HEADERS 1
| #define HAVE_STDDEF_H 1
| #define HAVE_STDLIB_H 1
| #define HAVE_STRING_H 1
| #define HAVE_STRINGS_H 1
| #define HAVE_SYS_TIME_H 1
| #define HAVE_UNISTD_H 1
| #define HAVE_LIMITS_H 1
| #define HAVE_STDINT_H 1
| #define HAVE_MACH_MACH_TIME_H 1
| #define HAVE_SYS_SYSCTL_H 1
| #define TIME_WITH_SYS_TIME 1
| #define HAVE_LONG_DOUBLE 1
| #define SIZEOF_INT 4
| #define SIZEOF_UNSIGNED_INT 4
| #define SIZEOF_LONG 8
| #define SIZEOF_UNSIGNED_LONG 8
| #define SIZEOF_LONG_LONG 8
| #define SIZEOF_UNSIGNED_LONG_LONG 8
| #define SIZEOF_SIZE_T 8
| #define SIZEOF_PTRDIFF_T 8
| #define HAVE_UINTPTR_T 1
| #define SIZEOF_FLOAT 4
| #define SIZEOF_DOUBLE 8
| #define SIZEOF_FFTW_R2R_KIND 4
| #define HAVE_ALLOCA_H 1
| #define HAVE_ALLOCA 1
| #define HAVE_VPRINTF 1
| #define HAVE_LIBM 1
| #define HAVE_GETTIMEOFDAY 1
| #define HAVE_DRAND48 1
| #define HAVE_SQRT 1
| #define HAVE_MEMSET 1
| #define HAVE_POSIX_MEMALIGN 1
| /* end confdefs.h.  */
| /* Define clock_gettime to an innocuous variant, in case <limits.h> declares clock_gettime.
|    For example, HP-UX 11i <limits.h> declares gettimeofday.  */
| #define clock_gettime innocuous_clock_gettime
| 
| /* System header to define __stub macros and hopefully few prototypes,
|     which can conflict with char clock_gettime (); below.
|     Prefer <limits.h> to <assert.h> if __STDC__ is defined, since
|     <limits.h> exists even on freestanding compilers.  */
| 
| #ifdef __STDC__
| # include <limits.h>
| #else
| # include <assert.h>
| #endif
| 
| #undef clock_gettime
| 
| /* Override any GCC internal prototype to avoid an error.
|    Use char because int might match the return type of a GCC
|    builtin and then its argument prototype would still apply.  */
| #ifdef __cplusplus
| extern "C"
| #endif
| char clock_gettime ();
| /* The GNU C library defines this for functions which it implements
|     to always fail with ENOSYS.  Some functions are actually named
|     something starting with __ and the normal name is an alias.  */
| #if defined __stub_clock_gettime || defined __stub___clock_gettime
| choke me
| #endif
| 
| int
| main ()
| {
| return clock_gettime ();
|   ;
|   return 0;
| }
configure:15348: result: no
configure:15348: checking for mach_absolute_time
configure:15348: gcc -o conftest -O3 -fomit-frame-pointer -mtune=native -malign-double -fstrict-aliasing -fno-schedule-insns -ffast-math   conftest.c -lm  >&5
configure:15348: $? = 0
configure:15348: result: yes
configure:15348: checking for sysctl
configure:15348: gcc -o conftest -O3 -fomit-frame-pointer -mtune=native -malign-double -fstrict-aliasing -fno-schedule-insns -ffast-math   conftest.c -lm  >&5
configure:15348: $? = 0
configure:15348: result: yes
configure:15348: checking for abort
configure:15348: gcc -o conftest -O3 -fomit-frame-pointer -mtune=native -malign-double -fstrict-aliasing -fno-schedule-insns -ffast-math   conftest.c -lm  >&5
conftest.c:83:6: warning: incompatible redeclaration of library function 'abort' [-Wincompatible-library-redeclaration]
char abort ();
     ^
conftest.c:83:6: note: 'abort' is a builtin with type 'void (void) __attribute__((noreturn))'
1 warning generated.
configure:15348: $? = 0
configure:15348: result: yes
configure:15348: checking for sinl
configure:15348: gcc -o conftest -O3 -fomit-frame-pointer -mtune=native -malign-double -fstrict-aliasing -fno-schedule-insns -ffast-math   conftest.c -lm  >&5
conftest.c:84:6: warning: incompatible redeclaration of library function 'sinl' [-Wincompatible-library-redeclaration]
char sinl ();
     ^
conftest.c:84:6: note: 'sinl' is a builtin with type 'long double (long double)'
1 warning generated.
configure:15348: $? = 0
configure:15348: result: yes
configure:15348: checking for cosl
configure:15348: gcc -o conftest -O3 -fomit-frame-pointer -mtune=native -malign-double -fstrict-aliasing -fno-schedule-insns -ffast-math   conftest.c -lm  >&5
conftest.c:85:6: warning: incompatible redeclaration of library function 'cosl' [-Wincompatible-library-redeclaration]
char cosl ();
     ^
conftest.c:85:6: note: 'cosl' is a builtin with type 'long double (long double)'
1 warning generated.
configure:15348: $? = 0
configure:15348: result: yes
configure:15348: checking for snprintf
configure:15348: gcc -o conftest -O3 -fomit-frame-pointer -mtune=native -malign-double -fstrict-aliasing -fno-schedule-insns -ffast-math   conftest.c -lm  >&5
conftest.c:86:6: warning: incompatible redeclaration of library function 'snprintf' [-Wincompatible-library-redeclaration]
char snprintf ();
     ^
conftest.c:86:6: note: 'snprintf' is a builtin with type 'int (char *, unsigned long, const char *, ...)'
1 warning generated.
configure:15348: $? = 0
configure:15348: result: yes
configure:15357: checking whether drand48 is declared
configure:15357: gcc -c -O3 -fomit-frame-pointer -mtune=native -malign-double -fstrict-aliasing -fno-schedule-insns -ffast-math  conftest.c >&5
clang: warning: argument unused during compilation: '-malign-double'
clang: warning: argument unused during compilation: '-fno-schedule-insns'
configure:15357: $? = 0
configure:15357: result: yes
configure:15367: checking whether srand48 is declared
configure:15367: gcc -c -O3 -fomit-frame-pointer -mtune=native -malign-double -fstrict-aliasing -fno-schedule-insns -ffast-math  conftest.c >&5
clang: warning: argument unused during compilation: '-malign-double'
clang: warning: argument unused during compilation: '-fno-schedule-insns'
configure:15367: $? = 0
configure:15367: result: yes
configure:15377: checking whether memalign is declared
configure:15377: gcc -c -O3 -fomit-frame-pointer -mtune=native -malign-double -fstrict-aliasing -fno-schedule-insns -ffast-math  conftest.c >&5
clang: warning: argument unused during compilation: '-malign-double'
clang: warning: argument unused during compilation: '-fno-schedule-insns'
conftest.c:106:10: error: use of undeclared identifier 'memalign'
  (void) memalign;
         ^
1 error generated.
configure:15377: $? = 1
configure: failed program was:
| /* confdefs.h */
| #define PACKAGE_NAME "fftw"
| #define PACKAGE_TARNAME "fftw"
| #define PACKAGE_VERSION "3.3.3"
| #define PACKAGE_STRING "fftw 3.3.3"
| #define PACKAGE_BUGREPORT "fftw@fftw.org"
| #define PACKAGE_URL ""
| #define PACKAGE "fftw"
| #define VERSION "3.3.3"
| #define FFTW_ENABLE_ALLOCA 1
| #define STDC_HEADERS 1
| #define HAVE_SYS_TYPES_H 1
| #define HAVE_SYS_STAT_H 1
| #define HAVE_STDLIB_H 1
| #define HAVE_STRING_H 1
| #define HAVE_MEMORY_H 1
| #define HAVE_STRINGS_H 1
| #define HAVE_INTTYPES_H 1
| #define HAVE_STDINT_H 1
| #define HAVE_UNISTD_H 1
| #define HAVE_DLFCN_H 1
| #define LT_OBJDIR ".libs/"
| #define STDC_HEADERS 1
| #define HAVE_STDDEF_H 1
| #define HAVE_STDLIB_H 1
| #define HAVE_STRING_H 1
| #define HAVE_STRINGS_H 1
| #define HAVE_SYS_TIME_H 1
| #define HAVE_UNISTD_H 1
| #define HAVE_LIMITS_H 1
| #define HAVE_STDINT_H 1
| #define HAVE_MACH_MACH_TIME_H 1
| #define HAVE_SYS_SYSCTL_H 1
| #define TIME_WITH_SYS_TIME 1
| #define HAVE_LONG_DOUBLE 1
| #define SIZEOF_INT 4
| #define SIZEOF_UNSIGNED_INT 4
| #define SIZEOF_LONG 8
| #define SIZEOF_UNSIGNED_LONG 8
| #define SIZEOF_LONG_LONG 8
| #define SIZEOF_UNSIGNED_LONG_LONG 8
| #define SIZEOF_SIZE_T 8
| #define SIZEOF_PTRDIFF_T 8
| #define HAVE_UINTPTR_T 1
| #define SIZEOF_FLOAT 4
| #define SIZEOF_DOUBLE 8
| #define SIZEOF_FFTW_R2R_KIND 4
| #define HAVE_ALLOCA_H 1
| #define HAVE_ALLOCA 1
| #define HAVE_VPRINTF 1
| #define HAVE_LIBM 1
| #define HAVE_GETTIMEOFDAY 1
| #define HAVE_DRAND48 1
| #define HAVE_SQRT 1
| #define HAVE_MEMSET 1
| #define HAVE_POSIX_MEMALIGN 1
| #define HAVE_MACH_ABSOLUTE_TIME 1
| #define HAVE_SYSCTL 1
| #define HAVE_ABORT 1
| #define HAVE_SINL 1
| #define HAVE_COSL 1
| #define HAVE_SNPRINTF 1
| #define HAVE_DECL_DRAND48 1
| #define HAVE_DECL_SRAND48 1
| /* end confdefs.h.  */
| #include <stdio.h>
| #ifdef HAVE_SYS_TYPES_H
| # include <sys/types.h>
| #endif
| #ifdef HAVE_SYS_STAT_H
| # include <sys/stat.h>
| #endif
| #ifdef STDC_HEADERS
| # include <stdlib.h>
| # include <stddef.h>
| #else
| # ifdef HAVE_STDLIB_H
| #  include <stdlib.h>
| # endif
| #endif
| #ifdef HAVE_STRING_H
| # if !defined STDC_HEADERS && defined HAVE_MEMORY_H
| #  include <memory.h>
| # endif
| # include <string.h>
| #endif
| #ifdef HAVE_STRINGS_H
| # include <strings.h>
| #endif
| #ifdef HAVE_INTTYPES_H
| # include <inttypes.h>
| #endif
| #ifdef HAVE_STDINT_H
| # include <stdint.h>
| #endif
| #ifdef HAVE_UNISTD_H
| # include <unistd.h>
| #endif
| int
| main ()
| {
| #ifndef memalign
| #ifdef __cplusplus
|   (void) memalign;
| #else
|   (void) memalign;
| #endif
| #endif
| 
|   ;
|   return 0;
| }
configure:15377: result: no
configure:15387: checking whether posix_memalign is declared
configure:15387: gcc -c -O3 -fomit-frame-pointer -mtune=native -malign-double -fstrict-aliasing -fno-schedule-insns -ffast-math  conftest.c >&5
clang: warning: argument unused during compilation: '-malign-double'
clang: warning: argument unused during compilation: '-fno-schedule-insns'
configure:15387: $? = 0
configure:15387: result: yes
configure:15397: checking whether sinl is declared
configure:15397: gcc -c -O3 -fomit-frame-pointer -mtune=native -malign-double -fstrict-aliasing -fno-schedule-insns -ffast-math  conftest.c >&5
clang: warning: argument unused during compilation: '-malign-double'
clang: warning: argument unused during compilation: '-fno-schedule-insns'
conftest.c:108:10: warning: implicitly declaring library function 'sinl' with type 'long double (long double)'
  (void) sinl;
         ^
conftest.c:108:10: note: please include the header <math.h> or explicitly provide a declaration for 'sinl'
1 warning generated.
configure:15397: $? = 0
configure:15397: result: yes
configure:15407: checking whether cosl is declared
configure:15407: gcc -c -O3 -fomit-frame-pointer -mtune=native -malign-double -fstrict-aliasing -fno-schedule-insns -ffast-math  conftest.c >&5
clang: warning: argument unused during compilation: '-malign-double'
clang: warning: argument unused during compilation: '-fno-schedule-insns'
conftest.c:109:10: warning: implicitly declaring library function 'cosl' with type 'long double (long double)'
  (void) cosl;
         ^
conftest.c:109:10: note: please include the header <math.h> or explicitly provide a declaration for 'cosl'
1 warning generated.
configure:15407: $? = 0
configure:15407: result: yes
configure:15417: checking whether sinq is declared
configure:15417: gcc -c -O3 -fomit-frame-pointer -mtune=native -malign-double -fstrict-aliasing -fno-schedule-insns -ffast-math  conftest.c >&5
clang: warning: argument unused during compilation: '-malign-double'
clang: warning: argument unused during compilation: '-fno-schedule-insns'
conftest.c:110:10: error: use of undeclared identifier 'sinq'
  (void) sinq;
         ^
1 error generated.
configure:15417: $? = 1
configure: failed program was:
| /* confdefs.h */
| #define PACKAGE_NAME "fftw"
| #define PACKAGE_TARNAME "fftw"
| #define PACKAGE_VERSION "3.3.3"
| #define PACKAGE_STRING "fftw 3.3.3"
| #define PACKAGE_BUGREPORT "fftw@fftw.org"
| #define PACKAGE_URL ""
| #define PACKAGE "fftw"
| #define VERSION "3.3.3"
| #define FFTW_ENABLE_ALLOCA 1
| #define STDC_HEADERS 1
| #define HAVE_SYS_TYPES_H 1
| #define HAVE_SYS_STAT_H 1
| #define HAVE_STDLIB_H 1
| #define HAVE_STRING_H 1
| #define HAVE_MEMORY_H 1
| #define HAVE_STRINGS_H 1
| #define HAVE_INTTYPES_H 1
| #define HAVE_STDINT_H 1
| #define HAVE_UNISTD_H 1
| #define HAVE_DLFCN_H 1
| #define LT_OBJDIR ".libs/"
| #define STDC_HEADERS 1
| #define HAVE_STDDEF_H 1
| #define HAVE_STDLIB_H 1
| #define HAVE_STRING_H 1
| #define HAVE_STRINGS_H 1
| #define HAVE_SYS_TIME_H 1
| #define HAVE_UNISTD_H 1
| #define HAVE_LIMITS_H 1
| #define HAVE_STDINT_H 1
| #define HAVE_MACH_MACH_TIME_H 1
| #define HAVE_SYS_SYSCTL_H 1
| #define TIME_WITH_SYS_TIME 1
| #define HAVE_LONG_DOUBLE 1
| #define SIZEOF_INT 4
| #define SIZEOF_UNSIGNED_INT 4
| #define SIZEOF_LONG 8
| #define SIZEOF_UNSIGNED_LONG 8
| #define SIZEOF_LONG_LONG 8
| #define SIZEOF_UNSIGNED_LONG_LONG 8
| #define SIZEOF_SIZE_T 8
| #define SIZEOF_PTRDIFF_T 8
| #define HAVE_UINTPTR_T 1
| #define SIZEOF_FLOAT 4
| #define SIZEOF_DOUBLE 8
| #define SIZEOF_FFTW_R2R_KIND 4
| #define HAVE_ALLOCA_H 1
| #define HAVE_ALLOCA 1
| #define HAVE_VPRINTF 1
| #define HAVE_LIBM 1
| #define HAVE_GETTIMEOFDAY 1
| #define HAVE_DRAND48 1
| #define HAVE_SQRT 1
| #define HAVE_MEMSET 1
| #define HAVE_POSIX_MEMALIGN 1
| #define HAVE_MACH_ABSOLUTE_TIME 1
| #define HAVE_SYSCTL 1
| #define HAVE_ABORT 1
| #define HAVE_SINL 1
| #define HAVE_COSL 1
| #define HAVE_SNPRINTF 1
| #define HAVE_DECL_DRAND48 1
| #define HAVE_DECL_SRAND48 1
| #define HAVE_DECL_MEMALIGN 0
| #define HAVE_DECL_POSIX_MEMALIGN 1
| #define HAVE_DECL_SINL 1
| #define HAVE_DECL_COSL 1
| /* end confdefs.h.  */
| #include <stdio.h>
| #ifdef HAVE_SYS_TYPES_H
| # include <sys/types.h>
| #endif
| #ifdef HAVE_SYS_STAT_H
| # include <sys/stat.h>
| #endif
| #ifdef STDC_HEADERS
| # include <stdlib.h>
| # include <stddef.h>
| #else
| # ifdef HAVE_STDLIB_H
| #  include <stdlib.h>
| # endif
| #endif
| #ifdef HAVE_STRING_H
| # if !defined STDC_HEADERS && defined HAVE_MEMORY_H
| #  include <memory.h>
| # endif
| # include <string.h>
| #endif
| #ifdef HAVE_STRINGS_H
| # include <strings.h>
| #endif
| #ifdef HAVE_INTTYPES_H
| # include <inttypes.h>
| #endif
| #ifdef HAVE_STDINT_H
| # include <stdint.h>
| #endif
| #ifdef HAVE_UNISTD_H
| # include <unistd.h>
| #endif
| int
| main ()
| {
| #ifndef sinq
| #ifdef __cplusplus
|   (void) sinq;
| #else
|   (void) sinq;
| #endif
| #endif
| 
|   ;
|   return 0;
| }
configure:15417: result: no
configure:15427: checking whether cosq is declared
configure:15427: gcc -c -O3 -fomit-frame-pointer -mtune=native -malign-double -fstrict-aliasing -fno-schedule-insns -ffast-math  conftest.c >&5
clang: warning: argument unused during compilation: '-malign-double'
clang: warning: argument unused during compilation: '-fno-schedule-insns'
conftest.c:111:10: error: use of undeclared identifier 'cosq'
  (void) cosq;
         ^
1 error generated.
configure:15427: $? = 1
configure: failed program was:
| /* confdefs.h */
| #define PACKAGE_NAME "fftw"
| #define PACKAGE_TARNAME "fftw"
| #define PACKAGE_VERSION "3.3.3"
| #define PACKAGE_STRING "fftw 3.3.3"
| #define PACKAGE_BUGREPORT "fftw@fftw.org"
| #define PACKAGE_URL ""
| #define PACKAGE "fftw"
| #define VERSION "3.3.3"
| #define FFTW_ENABLE_ALLOCA 1
| #define STDC_HEADERS 1
| #define HAVE_SYS_TYPES_H 1
| #define HAVE_SYS_STAT_H 1
| #define HAVE_STDLIB_H 1
| #define HAVE_STRING_H 1
| #define HAVE_MEMORY_H 1
| #define HAVE_STRINGS_H 1
| #define HAVE_INTTYPES_H 1
| #define HAVE_STDINT_H 1
| #define HAVE_UNISTD_H 1
| #define HAVE_DLFCN_H 1
| #define LT_OBJDIR ".libs/"
| #define STDC_HEADERS 1
| #define HAVE_STDDEF_H 1
| #define HAVE_STDLIB_H 1
| #define HAVE_STRING_H 1
| #define HAVE_STRINGS_H 1
| #define HAVE_SYS_TIME_H 1
| #define HAVE_UNISTD_H 1
| #define HAVE_LIMITS_H 1
| #define HAVE_STDINT_H 1
| #define HAVE_MACH_MACH_TIME_H 1
| #define HAVE_SYS_SYSCTL_H 1
| #define TIME_WITH_SYS_TIME 1
| #define HAVE_LONG_DOUBLE 1
| #define SIZEOF_INT 4
| #define SIZEOF_UNSIGNED_INT 4
| #define SIZEOF_LONG 8
| #define SIZEOF_UNSIGNED_LONG 8
| #define SIZEOF_LONG_LONG 8
| #define SIZEOF_UNSIGNED_LONG_LONG 8
| #define SIZEOF_SIZE_T 8
| #define SIZEOF_PTRDIFF_T 8
| #define HAVE_UINTPTR_T 1
| #define SIZEOF_FLOAT 4
| #define SIZEOF_DOUBLE 8
| #define SIZEOF_FFTW_R2R_KIND 4
| #define HAVE_ALLOCA_H 1
| #define HAVE_ALLOCA 1
| #define HAVE_VPRINTF 1
| #define HAVE_LIBM 1
| #define HAVE_GETTIMEOFDAY 1
| #define HAVE_DRAND48 1
| #define HAVE_SQRT 1
| #define HAVE_MEMSET 1
| #define HAVE_POSIX_MEMALIGN 1
| #define HAVE_MACH_ABSOLUTE_TIME 1
| #define HAVE_SYSCTL 1
| #define HAVE_ABORT 1
| #define HAVE_SINL 1
| #define HAVE_COSL 1
| #define HAVE_SNPRINTF 1
| #define HAVE_DECL_DRAND48 1
| #define HAVE_DECL_SRAND48 1
| #define HAVE_DECL_MEMALIGN 0
| #define HAVE_DECL_POSIX_MEMALIGN 1
| #define HAVE_DECL_SINL 1
| #define HAVE_DECL_COSL 1
| #define HAVE_DECL_SINQ 0
| /* end confdefs.h.  */
| #include <stdio.h>
| #ifdef HAVE_SYS_TYPES_H
| # include <sys/types.h>
| #endif
| #ifdef HAVE_SYS_STAT_H
| # include <sys/stat.h>
| #endif
| #ifdef STDC_HEADERS
| # include <stdlib.h>
| # include <stddef.h>
| #else
| # ifdef HAVE_STDLIB_H
| #  include <stdlib.h>
| # endif
| #endif
| #ifdef HAVE_STRING_H
| # if !defined STDC_HEADERS && defined HAVE_MEMORY_H
| #  include <memory.h>
| # endif
| # include <string.h>
| #endif
| #ifdef HAVE_STRINGS_H
| # include <strings.h>
| #endif
| #ifdef HAVE_INTTYPES_H
| # include <inttypes.h>
| #endif
| #ifdef HAVE_STDINT_H
| # include <stdint.h>
| #endif
| #ifdef HAVE_UNISTD_H
| # include <unistd.h>
| #endif
| int
| main ()
| {
| #ifndef cosq
| #ifdef __cplusplus
|   (void) cosq;
| #else
|   (void) cosq;
| #endif
| #endif
| 
|   ;
|   return 0;
| }
configure:15427: result: no
configure:15439: checking for _rtc intrinsic
configure:15455: gcc -o conftest -O3 -fomit-frame-pointer -mtune=native -malign-double -fstrict-aliasing -fno-schedule-insns -ffast-math   conftest.c -lm  >&5
conftest.c:78:1: warning: implicit declaration of function '_rtc' is invalid in C99 [-Wimplicit-function-declaration]
_rtc()
^
1 warning generated.
Undefined symbols for architecture x86_64:
  "__rtc", referenced from:
      _main in conftest-LGGAYx.o
ld: symbol(s) not found for architecture x86_64
clang: error: linker command failed with exit code 1 (use -v to see invocation)
configure:15455: $? = 1
configure: failed program was:
| /* confdefs.h */
| #define PACKAGE_NAME "fftw"
| #define PACKAGE_TARNAME "fftw"
| #define PACKAGE_VERSION "3.3.3"
| #define PACKAGE_STRING "fftw 3.3.3"
| #define PACKAGE_BUGREPORT "fftw@fftw.org"
| #define PACKAGE_URL ""
| #define PACKAGE "fftw"
| #define VERSION "3.3.3"
| #define FFTW_ENABLE_ALLOCA 1
| #define STDC_HEADERS 1
| #define HAVE_SYS_TYPES_H 1
| #define HAVE_SYS_STAT_H 1
| #define HAVE_STDLIB_H 1
| #define HAVE_STRING_H 1
| #define HAVE_MEMORY_H 1
| #define HAVE_STRINGS_H 1
| #define HAVE_INTTYPES_H 1
| #define HAVE_STDINT_H 1
| #define HAVE_UNISTD_H 1
| #define HAVE_DLFCN_H 1
| #define LT_OBJDIR ".libs/"
| #define STDC_HEADERS 1
| #define HAVE_STDDEF_H 1
| #define HAVE_STDLIB_H 1
| #define HAVE_STRING_H 1
| #define HAVE_STRINGS_H 1
| #define HAVE_SYS_TIME_H 1
| #define HAVE_UNISTD_H 1
| #define HAVE_LIMITS_H 1
| #define HAVE_STDINT_H 1
| #define HAVE_MACH_MACH_TIME_H 1
| #define HAVE_SYS_SYSCTL_H 1
| #define TIME_WITH_SYS_TIME 1
| #define HAVE_LONG_DOUBLE 1
| #define SIZEOF_INT 4
| #define SIZEOF_UNSIGNED_INT 4
| #define SIZEOF_LONG 8
| #define SIZEOF_UNSIGNED_LONG 8
| #define SIZEOF_LONG_LONG 8
| #define SIZEOF_UNSIGNED_LONG_LONG 8
| #define SIZEOF_SIZE_T 8
| #define SIZEOF_PTRDIFF_T 8
| #define HAVE_UINTPTR_T 1
| #define SIZEOF_FLOAT 4
| #define SIZEOF_DOUBLE 8
| #define SIZEOF_FFTW_R2R_KIND 4
| #define HAVE_ALLOCA_H 1
| #define HAVE_ALLOCA 1
| #define HAVE_VPRINTF 1
| #define HAVE_LIBM 1
| #define HAVE_GETTIMEOFDAY 1
| #define HAVE_DRAND48 1
| #define HAVE_SQRT 1
| #define HAVE_MEMSET 1
| #define HAVE_POSIX_MEMALIGN 1
| #define HAVE_MACH_ABSOLUTE_TIME 1
| #define HAVE_SYSCTL 1
| #define HAVE_ABORT 1
| #define HAVE_SINL 1
| #define HAVE_COSL 1
| #define HAVE_SNPRINTF 1
| #define HAVE_DECL_DRAND48 1
| #define HAVE_DECL_SRAND48 1
| #define HAVE_DECL_MEMALIGN 0
| #define HAVE_DECL_POSIX_MEMALIGN 1
| #define HAVE_DECL_SINL 1
| #define HAVE_DECL_COSL 1
| #define HAVE_DECL_SINQ 0
| #define HAVE_DECL_COSQ 0
| /* end confdefs.h.  */
| #ifdef HAVE_INTRINSICS_H
| #include <intrinsics.h>
| #endif
| int
| main ()
| {
| _rtc()
|   ;
|   return 0;
| }
configure:15464: result: no
configure:15484: checking for isnan
configure:15498: gcc -o conftest -O3 -fomit-frame-pointer -mtune=native -malign-double -fstrict-aliasing -fno-schedule-insns -ffast-math   conftest.c -lm  >&5
configure:15498: $? = 0
configure:15510: result: yes
configure:15517: checking whether C compiler accepts -mpreferred-stack-boundary=4
configure:15536: gcc -c -mpreferred-stack-boundary=4  conftest.c >&5
clang: warning: argument unused during compilation: '-mpreferred-stack-boundary=4'
configure:15536: $? = 0
configure:15546: result: yes
configure:15550: checking whether the stack is at least 8-byte aligned by gcc
configure:15554: checking whether C compiler accepts -malign-double
configure:15583: result: yes
configure:15645: gcc -o conftest -O -malign-double   conftest.c -lm  >&5
configure:15645: $? = 0
configure:15645: ./conftest
configure:15645: $? = 0
configure:15655: result: yes
configure:15745: checking for g77
configure:15775: result: no
configure:15745: checking for xlf
configure:15775: result: no
configure:15745: checking for f77
configure:15775: result: no
configure:15745: checking for frt
configure:15775: result: no
configure:15745: checking for pgf77
configure:15775: result: no
configure:15745: checking for cf77
configure:15775: result: no
configure:15745: checking for fort77
configure:15775: result: no
configure:15745: checking for fl32
configure:15775: result: no
configure:15745: checking for af77
configure:15775: result: no
configure:15745: checking for xlf90
configure:15775: result: no
configure:15745: checking for f90
configure:15775: result: no
configure:15745: checking for pgf90
configure:15775: result: no
configure:15745: checking for pghpf
configure:15775: result: no
configure:15745: checking for epcf90
configure:15775: result: no
configure:15745: checking for gfortran
configure:15775: result: no
configure:15745: checking for g95
configure:15775: result: no
configure:15745: checking for xlf95
configure:15775: result: no
configure:15745: checking for f95
configure:15775: result: no
configure:15745: checking for fort
configure:15775: result: no
configure:15745: checking for ifort
configure:15775: result: no
configure:15745: checking for ifc
configure:15775: result: no
configure:15745: checking for efc
configure:15775: result: no
configure:15745: checking for pgfortran
configure:15775: result: no
configure:15745: checking for pgf95
configure:15775: result: no
configure:15745: checking for lf95
configure:15775: result: no
configure:15745: checking for ftn
configure:15775: result: no
configure:15745: checking for nagfor
configure:15775: result: no
configure:15798: checking for Fortran 77 compiler version
configure:15807:  --version >&5
./configure: line 15809: --version: command not found
configure:15818: $? = 127
configure:15807:  -v >&5
./configure: line 15809: -v: command not found
configure:15818: $? = 127
configure:15807:  -V >&5
./configure: line 15809: -V: command not found
configure:15818: $? = 127
configure:15807:  -qversion >&5
./configure: line 15809: -qversion: command not found
configure:15818: $? = 127
configure:15827: checking whether we are using the GNU Fortran 77 compiler
configure:15840:  -c  conftest.F >&5
./configure: line 2270: -c: command not found
configure:15840: $? = 127
configure: failed program was:
|       program main
| #ifndef __GNUC__
|        choke me
| #endif
| 
|       end
configure:15849: result: no
configure:15855: checking whether  accepts -g
configure:15866:  -c -g conftest.f >&5
./configure: line 2270: -c: command not found
configure:15866: $? = 127
configure: failed program was:
|       program main
| 
|       end
configure:15874: result: no
configure:18628: WARNING: *** Couldn't find f77 compiler; using default Fortran wrappers.
configure:19960: checking whether a cycle counter is available
configure:19971: gcc -E  -I./kernel conftest.c
configure:19971: $? = 0
configure:19978: result: yes
configure:20179: creating ./config.status

## ---------------------- ##
## Running config.status. ##
## ---------------------- ##

This file was extended by fftw config.status 3.3.3, which was
generated by GNU Autoconf 2.69.  Invocation command line was

  CONFIG_FILES    = 
  CONFIG_HEADERS  = 
  CONFIG_LINKS    = 
  CONFIG_COMMANDS = 
  $ ./config.status 

on rlandsman-macbookpro13

config.status:1262: creating Makefile
config.status:1262: creating support/Makefile
config.status:1262: creating genfft/Makefile
config.status:1262: creating kernel/Makefile
config.status:1262: creating simd-support/Makefile
config.status:1262: creating dft/Makefile
config.status:1262: creating dft/scalar/Makefile
config.status:1262: creating dft/scalar/codelets/Makefile
config.status:1262: creating dft/simd/Makefile
config.status:1262: creating dft/simd/common/Makefile
config.status:1262: creating dft/simd/sse2/Makefile
config.status:1262: creating dft/simd/avx/Makefile
config.status:1262: creating dft/simd/altivec/Makefile
config.status:1262: creating dft/simd/neon/Makefile
config.status:1262: creating rdft/Makefile
config.status:1262: creating rdft/scalar/Makefile
config.status:1262: creating rdft/scalar/r2cf/Makefile
config.status:1262: creating rdft/scalar/r2cb/Makefile
config.status:1262: creating rdft/scalar/r2r/Makefile
config.status:1262: creating rdft/simd/Makefile
config.status:1262: creating rdft/simd/common/Makefile
config.status:1262: creating rdft/simd/sse2/Makefile
config.status:1262: creating rdft/simd/avx/Makefile
config.status:1262: creating rdft/simd/altivec/Makefile
config.status:1262: creating rdft/simd/neon/Makefile
config.status:1262: creating reodft/Makefile
config.status:1262: creating threads/Makefile
config.status:1262: creating api/Makefile
config.status:1262: creating mpi/Makefile
config.status:1262: creating libbench2/Makefile
config.status:1262: creating tests/Makefile
config.status:1262: creating doc/Makefile
config.status:1262: creating doc/FAQ/Makefile
config.status:1262: creating tools/Makefile
config.status:1262: creating tools/fftw_wisdom.1
config.status:1262: creating tools/fftw-wisdom-to-conf
config.status:1262: creating m4/Makefile
config.status:1262: creating fftw.pc
config.status:1262: creating config.h
config.status:1491: executing depfiles commands
config.status:1491: executing libtool commands

## ---------------- ##
## Cache variables. ##
## ---------------- ##

ac_cv_build=x86_64-apple-darwin13.0.0
ac_cv_c_compiler_gnu=yes
ac_cv_c_const=yes
ac_cv_c_inline=inline
ac_cv_env_CC_set=
ac_cv_env_CC_value=
ac_cv_env_CFLAGS_set=
ac_cv_env_CFLAGS_value=
ac_cv_env_CPPFLAGS_set=
ac_cv_env_CPPFLAGS_value=
ac_cv_env_CPP_set=
ac_cv_env_CPP_value=
ac_cv_env_F77_set=
ac_cv_env_F77_value=
ac_cv_env_FFLAGS_set=
ac_cv_env_FFLAGS_value=
ac_cv_env_LDFLAGS_set=
ac_cv_env_LDFLAGS_value=
ac_cv_env_LIBS_set=
ac_cv_env_LIBS_value=
ac_cv_env_MPICC_set=
ac_cv_env_MPICC_value=
ac_cv_env_build_alias_set=
ac_cv_env_build_alias_value=
ac_cv_env_host_alias_set=
ac_cv_env_host_alias_value=
ac_cv_env_target_alias_set=
ac_cv_env_target_alias_value=
ac_cv_f77_compiler_gnu=no
ac_cv_func_BSDgettimeofday=no
ac_cv_func__doprnt=no
ac_cv_func__mm_free=no
ac_cv_func__mm_malloc=no
ac_cv_func_abort=yes
ac_cv_func_alloca_works=yes
ac_cv_func_clock_gettime=no
ac_cv_func_cosl=yes
ac_cv_func_drand48=yes
ac_cv_func_gethrtime=no
ac_cv_func_gettimeofday=yes
ac_cv_func_mach_absolute_time=yes
ac_cv_func_memalign=no
ac_cv_func_memset=yes
ac_cv_func_posix_memalign=yes
ac_cv_func_read_real_time=no
ac_cv_func_sinl=yes
ac_cv_func_snprintf=yes
ac_cv_func_sqrt=yes
ac_cv_func_strtod=yes
ac_cv_func_sysctl=yes
ac_cv_func_time_base_to_time=no
ac_cv_func_vprintf=yes
ac_cv_have_decl_cosl=yes
ac_cv_have_decl_cosq=no
ac_cv_have_decl_drand48=yes
ac_cv_have_decl_memalign=no
ac_cv_have_decl_posix_memalign=yes
ac_cv_have_decl_sinl=yes
ac_cv_have_decl_sinq=no
ac_cv_have_decl_srand48=yes
ac_cv_header_altivec_h=no
ac_cv_header_c_asm_h=no
ac_cv_header_dlfcn_h=yes
ac_cv_header_intrinsics_h=no
ac_cv_header_inttypes_h=yes
ac_cv_header_libintl_h=no
ac_cv_header_limits_h=yes
ac_cv_header_mach_mach_time_h=yes
ac_cv_header_malloc_h=no
ac_cv_header_memory_h=yes
ac_cv_header_stdc=yes
ac_cv_header_stddef_h=yes
ac_cv_header_stdint_h=yes
ac_cv_header_stdlib_h=yes
ac_cv_header_string_h=yes
ac_cv_header_strings_h=yes
ac_cv_header_sys_stat_h=yes
ac_cv_header_sys_sysctl_h=yes
ac_cv_header_sys_time_h=yes
ac_cv_header_sys_types_h=yes
ac_cv_header_time=yes
ac_cv_header_unistd_h=yes
ac_cv_host=x86_64-apple-darwin13.0.0
ac_cv_lib_m_sin=yes
ac_cv_objext=o
ac_cv_path_EGREP='/usr/bin/grep -E'
ac_cv_path_FGREP='/usr/bin/grep -F'
ac_cv_path_GREP=/usr/bin/grep
ac_cv_path_SED=/usr/bin/sed
ac_cv_path_install='/usr/bin/install -c'
ac_cv_prog_AWK=awk
ac_cv_prog_CPP='gcc -E'
ac_cv_prog_ac_ct_AR=ar
ac_cv_prog_ac_ct_CC=gcc
ac_cv_prog_ac_ct_DLLTOOL=dlltool
ac_cv_prog_ac_ct_DSYMUTIL=dsymutil
ac_cv_prog_ac_ct_LIPO=lipo
ac_cv_prog_ac_ct_NMEDIT=nmedit
ac_cv_prog_ac_ct_OBJDUMP=objdump
ac_cv_prog_ac_ct_OTOOL=otool
ac_cv_prog_ac_ct_RANLIB=ranlib
ac_cv_prog_ac_ct_STRIP=strip
ac_cv_prog_cc_c89=
ac_cv_prog_cc_c99=
ac_cv_prog_cc_g=yes
ac_cv_prog_cc_gcc_c_o=yes
ac_cv_prog_cc_stdc=
ac_cv_prog_f77_g=no
ac_cv_prog_make_make_set=yes
ac_cv_sizeof_double=8
ac_cv_sizeof_fftw_r2r_kind=4
ac_cv_sizeof_float=4
ac_cv_sizeof_int=4
ac_cv_sizeof_long=8
ac_cv_sizeof_long_long=8
ac_cv_sizeof_ptrdiff_t=8
ac_cv_sizeof_size_t=8
ac_cv_sizeof_unsigned_int=4
ac_cv_sizeof_unsigned_long=8
ac_cv_sizeof_unsigned_long_long=8
ac_cv_type_hrtime_t=no
ac_cv_type_long_double=yes
ac_cv_type_size_t=yes
ac_cv_type_uintptr_t=yes
ac_cv_working_alloca_h=yes
am_cv_CC_dependencies_compiler_type=gcc3
ax_cv_c_compiler_vendor=gnu
ax_cv_c_flags__O3__fomit_frame_pointer__mtune_native__malign_double__fstrict_aliasing__fno_schedule_insns__ffast_math=yes
ax_cv_c_flags__ffast_math=yes
ax_cv_c_flags__fno_schedule_insns=yes
ax_cv_c_flags__fstrict_aliasing=yes
ax_cv_c_flags__malign_double=yes
ax_cv_c_flags__mpreferred_stack_boundary_4=yes
ax_cv_c_flags__mtune_native=yes
lt_cv_apple_cc_single_mod=yes
lt_cv_ar_at_file=no
lt_cv_deplibs_check_method=pass_all
lt_cv_file_magic_cmd='$MAGIC_CMD'
lt_cv_file_magic_test_file=
lt_cv_ld_exported_symbols_list=yes
lt_cv_ld_force_load=yes
lt_cv_ld_reload_flag=-r
lt_cv_nm_interface='BSD nm'
lt_cv_objdir=.libs
lt_cv_path_LD=/Applications/Xcode.app/Contents/Developer/Toolchains/XcodeDefault.xctoolchain/usr/bin/ld
lt_cv_path_NM=/usr/bin/nm
lt_cv_path_mainfest_tool=no
lt_cv_prog_compiler_c_o=yes
lt_cv_prog_compiler_pic='-fno-common -DPIC'
lt_cv_prog_compiler_pic_works=yes
lt_cv_prog_compiler_rtti_exceptions=yes
lt_cv_prog_compiler_static_works=no
lt_cv_prog_gnu_ld=no
lt_cv_sharedlib_from_linklib_cmd='printf %s\n'
lt_cv_sys_global_symbol_pipe='sed -n -e '\''s/^.*[	 ]\([BCDEGRST][BCDEGRST]*\)[	 ][	 ]*_\([_A-Za-z][_A-Za-z0-9]*\)$/\1 _\2 \2/p'\'' | sed '\''/ __gnu_lto/d'\'''
lt_cv_sys_global_symbol_to_c_name_address='sed -n -e '\''s/^: \([^ ]*\)[ ]*$/  {\"\1\", (void *) 0},/p'\'' -e '\''s/^[BCDEGRST]* \([^ ]*\) \([^ ]*\)$/  {"\2", (void *) \&\2},/p'\'''
lt_cv_sys_global_symbol_to_c_name_address_lib_prefix='sed -n -e '\''s/^: \([^ ]*\)[ ]*$/  {\"\1\", (void *) 0},/p'\'' -e '\''s/^[BCDEGRST]* \([^ ]*\) \(lib[^ ]*\)$/  {"\2", (void *) \&\2},/p'\'' -e '\''s/^[BCDEGRST]* \([^ ]*\) \([^ ]*\)$/  {"lib\2", (void *) \&\2},/p'\'''
lt_cv_sys_global_symbol_to_cdecl='sed -n -e '\''s/^T .* \(.*\)$/extern int \1();/p'\'' -e '\''s/^[BCDEGRST]* .* \(.*\)$/extern char \1;/p'\'''
lt_cv_sys_max_cmd_len=196608
lt_cv_to_host_file_cmd=func_convert_file_noop
lt_cv_to_tool_file_cmd=func_convert_file_noop

## ----------------- ##
## Output variables. ##
## ----------------- ##

ACLOCAL='${SHELL} /Users/rlandsman/Documents/SDR/PebbleSDR/fftw-3.3.3/missing --run aclocal-1.11'
ALLOCA=''
ALTIVEC_CFLAGS=''
AMDEPBACKSLASH='\'
AMDEP_FALSE='#'
AMDEP_TRUE=''
AMTAR='$${TAR-tar}'
AR='ar'
AS='as'
AUTOCONF='${SHELL} /Users/rlandsman/Documents/SDR/PebbleSDR/fftw-3.3.3/missing --run autoconf'
AUTOHEADER='${SHELL} /Users/rlandsman/Documents/SDR/PebbleSDR/fftw-3.3.3/missing --run autoheader'
AUTOMAKE='${SHELL} /Users/rlandsman/Documents/SDR/PebbleSDR/fftw-3.3.3/missing --run automake-1.11'
AVX_CFLAGS=''
AWK='awk'
CC='gcc'
CCDEPMODE='depmode=gcc3'
CFLAGS='-O3 -fomit-frame-pointer -mtune=native -malign-double -fstrict-aliasing -fno-schedule-insns -ffast-math'
CHECK_PL_OPTS=''
COMBINED_THREADS_FALSE=''
COMBINED_THREADS_TRUE='#'
CPP='gcc -E'
CPPFLAGS=''
CYGPATH_W='echo'
C_FFTW_R2R_KIND='C_INT32_T'
C_MPI_FINT=''
DEFS='-DHAVE_CONFIG_H'
DEPDIR='.deps'
DLLTOOL='dlltool'
DSYMUTIL='dsymutil'
DUMPBIN=''
ECHO_C='\c'
ECHO_N=''
ECHO_T=''
EGREP='/usr/bin/grep -E'
EXEEXT=''
F77=''
FFLAGS=''
FGREP='/usr/bin/grep -F'
FLIBS=''
GREP='/usr/bin/grep'
HAVE_ALTIVEC_FALSE=''
HAVE_ALTIVEC_TRUE='#'
HAVE_AVX_FALSE=''
HAVE_AVX_TRUE='#'
HAVE_NEON_FALSE=''
HAVE_NEON_TRUE='#'
HAVE_SSE2_FALSE=''
HAVE_SSE2_TRUE='#'
INSTALL_DATA='${INSTALL} -m 644'
INSTALL_PROGRAM='${INSTALL}'
INSTALL_SCRIPT='${INSTALL}'
INSTALL_STRIP_PROGRAM='$(install_sh) -c -s'
LD='/Applications/Xcode.app/Contents/Developer/Toolchains/XcodeDefault.xctoolchain/usr/bin/ld'
LDFLAGS=''
LDOUBLE_FALSE=''
LDOUBLE_TRUE='#'
LIBOBJS=''
LIBQUADMATH=''
LIBS='-lm '
LIBTOOL='$(SHELL) $(top_builddir)/libtool'
LIPO='lipo'
LN_S='ln -s'
LTLIBOBJS=''
MAINT='#'
MAINTAINER_MODE_FALSE=''
MAINTAINER_MODE_TRUE='#'
MAKEINFO='${SHELL} /Users/rlandsman/Documents/SDR/PebbleSDR/fftw-3.3.3/missing --run makeinfo'
MANIFEST_TOOL=':'
MKDIR_P='./install-sh -c -d'
MPICC=''
MPILIBS=''
MPIRUN=''
MPI_FALSE=''
MPI_TRUE='#'
NEON_CFLAGS=''
NM='/usr/bin/nm'
NMEDIT='nmedit'
OBJDUMP='objdump'
OBJEXT='o'
OCAMLBUILD=''
OPENMP_CFLAGS=''
OPENMP_FALSE=''
OPENMP_TRUE='#'
OTOOL64=':'
OTOOL='otool'
PACKAGE='fftw'
PACKAGE_BUGREPORT='fftw@fftw.org'
PACKAGE_NAME='fftw'
PACKAGE_STRING='fftw 3.3.3'
PACKAGE_TARNAME='fftw'
PACKAGE_URL=''
PACKAGE_VERSION='3.3.3'
PATH_SEPARATOR=':'
POW_LIB=''
PRECISION='d'
PREC_SUFFIX=''
PTHREAD_CC=''
PTHREAD_CFLAGS=''
PTHREAD_LIBS=''
QUAD_FALSE=''
QUAD_TRUE='#'
RANLIB='ranlib'
SED='/usr/bin/sed'
SET_MAKE=''
SHARED_VERSION_INFO='6:2:3'
SHELL='/bin/sh'
SINGLE_FALSE=''
SINGLE_TRUE='#'
SMP_FALSE=''
SMP_TRUE='#'
SSE2_CFLAGS=''
STACK_ALIGN_CFLAGS=''
STRIP='strip'
THREADLIBS=''
THREADS_FALSE=''
THREADS_TRUE='#'
VERSION='3.3.3'
ac_ct_AR='ar'
ac_ct_CC='gcc'
ac_ct_DUMPBIN=''
ac_ct_F77=''
acx_pthread_config=''
am__EXEEXT_FALSE=''
am__EXEEXT_TRUE='#'
am__fastdepCC_FALSE='#'
am__fastdepCC_TRUE=''
am__include='include'
am__isrc=''
am__leading_dot='.'
am__nodep='_no'
am__quote=''
am__tar='$${TAR-tar} chof - "$$tardir"'
am__untar='$${TAR-tar} xf -'
bindir='${exec_prefix}/bin'
build='x86_64-apple-darwin13.0.0'
build_alias=''
build_cpu='x86_64'
build_os='darwin13.0.0'
build_vendor='apple'
datadir='${datarootdir}'
datarootdir='${prefix}/share'
docdir='${datarootdir}/doc/${PACKAGE_TARNAME}'
dvidir='${docdir}'
exec_prefix='${prefix}'
host='x86_64-apple-darwin13.0.0'
host_alias=''
host_cpu='x86_64'
host_os='darwin13.0.0'
host_vendor='apple'
htmldir='${docdir}'
includedir='${prefix}/include'
infodir='${datarootdir}/info'
install_sh='${SHELL} /Users/rlandsman/Documents/SDR/PebbleSDR/fftw-3.3.3/install-sh'
libdir='${exec_prefix}/lib'
libexecdir='${exec_prefix}/libexec'
localedir='${datarootdir}/locale'
localstatedir='${prefix}/var'
mandir='${datarootdir}/man'
mkdir_p='$(top_builddir)/./install-sh -c -d'
oldincludedir='/usr/include'
pdfdir='${docdir}'
prefix='/usr/local'
program_transform_name='s,x,x,'
psdir='${docdir}'
sbindir='${exec_prefix}/sbin'
sharedstatedir='${prefix}/com'
sysconfdir='${prefix}/etc'
target_alias=''

## ----------- ##
## confdefs.h. ##
## ----------- ##

/* confdefs.h */
#define PACKAGE_NAME "fftw"
#define PACKAGE_TARNAME "fftw"
#define PACKAGE_VERSION "3.3.3"
#define PACKAGE_STRING "fftw 3.3.3"
#define PACKAGE_BUGREPORT "fftw@fftw.org"
#define PACKAGE_URL ""
#define PACKAGE "fftw"
#define VERSION "3.3.3"
#define FFTW_ENABLE_ALLOCA 1
#define STDC_HEADERS 1
#define HAVE_SYS_TYPES_H 1
#define HAVE_SYS_STAT_H 1
#define HAVE_STDLIB_H 1
#define HAVE_STRING_H 1
#define HAVE_MEMORY_H 1
#define HAVE_STRINGS_H 1
#define HAVE_INTTYPES_H 1
#define HAVE_STDINT_H 1
#define HAVE_UNISTD_H 1
#define HAVE_DLFCN_H 1
#define LT_OBJDIR ".libs/"
#define STDC_HEADERS 1
#define HAVE_STDDEF_H 1
#define HAVE_STDLIB_H 1
#define HAVE_STRING_H 1
#define HAVE_STRINGS_H 1
#define HAVE_SYS_TIME_H 1
#define HAVE_UNISTD_H 1
#define HAVE_LIMITS_H 1
#define HAVE_STDINT_H 1
#define HAVE_MACH_MACH_TIME_H 1
#define HAVE_SYS_SYSCTL_H 1
#define TIME_WITH_SYS_TIME 1
#define HAVE_LONG_DOUBLE 1
#define SIZEOF_INT 4
#define SIZEOF_UNSIGNED_INT 4
#define SIZEOF_LONG 8
#define SIZEOF_UNSIGNED_LONG 8
#define SIZEOF_LONG_LONG 8
#define SIZEOF_UNSIGNED_LONG_LONG 8
#define SIZEOF_SIZE_T 8
#define SIZEOF_PTRDIFF_T 8
#define HAVE_UINTPTR_T 1
#define SIZEOF_FLOAT 4
#define SIZEOF_DOUBLE 8
#define SIZEOF_FFTW_R2R_KIND 4
#define HAVE_ALLOCA_H 1
#define HAVE_ALLOCA 1
#define HAVE_VPRINTF 1
#define HAVE_LIBM 1
#define HAVE_GETTIMEOFDAY 1
#define HAVE_DRAND48 1
#define HAVE_SQRT 1
#define HAVE_MEMSET 1
#define HAVE_POSIX_MEMALIGN 1
#define HAVE_MACH_ABSOLUTE_TIME 1
#define HAVE_SYSCTL 1
#define HAVE_ABORT 1
#define HAVE_SINL 1
#define HAVE_COSL 1
#define HAVE_SNPRINTF 1
#define HAVE_DECL_DRAND48 1
#define HAVE_DECL_SRAND48 1
#define HAVE_DECL_MEMALIGN 0
#define HAVE_DECL_POSIX_MEMALIGN 1
#define HAVE_DECL_SINL 1
#define HAVE_DECL_COSL 1
#define HAVE_DECL_SINQ 0
#define HAVE_DECL_COSQ 0
#define HAVE_ISNAN 1
#define FFTW_CC "gcc -O3 -fomit-frame-pointer -mtune=native -malign-double -fstrict-aliasing -fno-schedule-insns -ffast-math"

configure: exit 0
